2015.08.21 14:40 B D:\xampp\htdocs\projects\global\html\lib\PHPMailer-master\examples\styles\wrapping.png --> global-uae.com /public_html/lib/PHPMailer-master/examples/styles wrapping.png
2015.08.21 14:40 B D:\xampp\htdocs\projects\global\html\lib\PHPMailer-master\examples\styles\shThemeVisualStudio.css --> global-uae.com /public_html/lib/PHPMailer-master/examples/styles shThemeVisualStudio.css
2015.08.21 14:40 B D:\xampp\htdocs\projects\global\html\lib\PHPMailer-master\examples\styles\shThemeRDark.css --> global-uae.com /public_html/lib/PHPMailer-master/examples/styles shThemeRDark.css
2015.08.21 14:40 B D:\xampp\htdocs\projects\global\html\lib\PHPMailer-master\examples\styles\shThemeMidnight.css --> global-uae.com /public_html/lib/PHPMailer-master/examples/styles shThemeMidnight.css
2015.08.21 14:40 B D:\xampp\htdocs\projects\global\html\lib\PHPMailer-master\examples\styles\shThemeMDUltra.css --> global-uae.com /public_html/lib/PHPMailer-master/examples/styles shThemeMDUltra.css
2015.08.21 14:40 B D:\xampp\htdocs\projects\global\html\lib\PHPMailer-master\examples\styles\shThemeFadeToGrey.css --> global-uae.com /public_html/lib/PHPMailer-master/examples/styles shThemeFadeToGrey.css
2015.08.21 14:40 B D:\xampp\htdocs\projects\global\html\lib\PHPMailer-master\examples\styles\shThemeEmacs.css --> global-uae.com /public_html/lib/PHPMailer-master/examples/styles shThemeEmacs.css
2015.08.21 14:40 B D:\xampp\htdocs\projects\global\html\lib\PHPMailer-master\examples\styles\shThemeEclipse.css --> global-uae.com /public_html/lib/PHPMailer-master/examples/styles shThemeEclipse.css
2015.08.21 14:40 B D:\xampp\htdocs\projects\global\html\lib\PHPMailer-master\examples\styles\shThemeDjango.css --> global-uae.com /public_html/lib/PHPMailer-master/examples/styles shThemeDjango.css
2015.08.21 14:40 B D:\xampp\htdocs\projects\global\html\lib\PHPMailer-master\examples\styles\shThemeDefault.css --> global-uae.com /public_html/lib/PHPMailer-master/examples/styles shThemeDefault.css
2015.08.21 14:40 B D:\xampp\htdocs\projects\global\html\lib\PHPMailer-master\examples\styles\shThemeAppleScript.css --> global-uae.com /public_html/lib/PHPMailer-master/examples/styles shThemeAppleScript.css
2015.08.21 14:40 B D:\xampp\htdocs\projects\global\html\lib\PHPMailer-master\examples\styles\shCoreRDark.css --> global-uae.com /public_html/lib/PHPMailer-master/examples/styles shCoreRDark.css
2015.08.21 14:40 B D:\xampp\htdocs\projects\global\html\lib\PHPMailer-master\examples\styles\shCoreMidnight.css --> global-uae.com /public_html/lib/PHPMailer-master/examples/styles shCoreMidnight.css
2015.08.21 14:40 B D:\xampp\htdocs\projects\global\html\lib\PHPMailer-master\examples\styles\shCoreMDUltra.css --> global-uae.com /public_html/lib/PHPMailer-master/examples/styles shCoreMDUltra.css
2015.08.21 14:40 B D:\xampp\htdocs\projects\global\html\lib\PHPMailer-master\examples\styles\shCoreFadeToGrey.css --> global-uae.com /public_html/lib/PHPMailer-master/examples/styles shCoreFadeToGrey.css
2015.08.21 14:40 B D:\xampp\htdocs\projects\global\html\lib\PHPMailer-master\examples\styles\shCoreEmacs.css --> global-uae.com /public_html/lib/PHPMailer-master/examples/styles shCoreEmacs.css
2015.08.21 14:40 B D:\xampp\htdocs\projects\global\html\lib\PHPMailer-master\examples\styles\shCoreEclipse.css --> global-uae.com /public_html/lib/PHPMailer-master/examples/styles shCoreEclipse.css
2015.08.21 14:40 B D:\xampp\htdocs\projects\global\html\lib\PHPMailer-master\examples\styles\shCoreDjango.css --> global-uae.com /public_html/lib/PHPMailer-master/examples/styles shCoreDjango.css
2015.08.21 14:40 B D:\xampp\htdocs\projects\global\html\lib\PHPMailer-master\examples\styles\shCoreDefault.css --> global-uae.com /public_html/lib/PHPMailer-master/examples/styles shCoreDefault.css
2015.08.21 14:40 B D:\xampp\htdocs\projects\global\html\lib\PHPMailer-master\examples\styles\shCore.css --> global-uae.com /public_html/lib/PHPMailer-master/examples/styles shCore.css
2015.12.16 18:33 B D:\xampp\htdocs\projects\bilva\lib\PHPMailer-master\examples\styles\shCore.css --> ftp.bisedu.ae /lib/PHPMailer-master/examples/styles shCore.css
2015.12.16 18:33 B D:\xampp\htdocs\projects\bilva\lib\PHPMailer-master\examples\styles\shCoreDefault.css --> ftp.bisedu.ae /lib/PHPMailer-master/examples/styles shCoreDefault.css
2015.12.16 18:33 B D:\xampp\htdocs\projects\bilva\lib\PHPMailer-master\examples\styles\shCoreDjango.css --> ftp.bisedu.ae /lib/PHPMailer-master/examples/styles shCoreDjango.css
2015.12.16 18:33 B D:\xampp\htdocs\projects\bilva\lib\PHPMailer-master\examples\styles\shCoreEclipse.css --> ftp.bisedu.ae /lib/PHPMailer-master/examples/styles shCoreEclipse.css
2015.12.16 18:33 B D:\xampp\htdocs\projects\bilva\lib\PHPMailer-master\examples\styles\shCoreEmacs.css --> ftp.bisedu.ae /lib/PHPMailer-master/examples/styles shCoreEmacs.css
2015.12.16 18:33 B D:\xampp\htdocs\projects\bilva\lib\PHPMailer-master\examples\styles\shCoreFadeToGrey.css --> ftp.bisedu.ae /lib/PHPMailer-master/examples/styles shCoreFadeToGrey.css
2015.12.16 18:33 B D:\xampp\htdocs\projects\bilva\lib\PHPMailer-master\examples\styles\shCoreMDUltra.css --> ftp.bisedu.ae /lib/PHPMailer-master/examples/styles shCoreMDUltra.css
2015.12.16 18:33 B D:\xampp\htdocs\projects\bilva\lib\PHPMailer-master\examples\styles\shCoreMidnight.css --> ftp.bisedu.ae /lib/PHPMailer-master/examples/styles shCoreMidnight.css
2015.12.16 18:33 B D:\xampp\htdocs\projects\bilva\lib\PHPMailer-master\examples\styles\shCoreRDark.css --> ftp.bisedu.ae /lib/PHPMailer-master/examples/styles shCoreRDark.css
2015.12.16 18:33 B D:\xampp\htdocs\projects\bilva\lib\PHPMailer-master\examples\styles\shThemeAppleScript.css --> ftp.bisedu.ae /lib/PHPMailer-master/examples/styles shThemeAppleScript.css
2015.12.16 18:33 B D:\xampp\htdocs\projects\bilva\lib\PHPMailer-master\examples\styles\shThemeDefault.css --> ftp.bisedu.ae /lib/PHPMailer-master/examples/styles shThemeDefault.css
2015.12.16 18:33 B D:\xampp\htdocs\projects\bilva\lib\PHPMailer-master\examples\styles\shThemeDjango.css --> ftp.bisedu.ae /lib/PHPMailer-master/examples/styles shThemeDjango.css
2015.12.16 18:33 B D:\xampp\htdocs\projects\bilva\lib\PHPMailer-master\examples\styles\shThemeEclipse.css --> ftp.bisedu.ae /lib/PHPMailer-master/examples/styles shThemeEclipse.css
2015.12.16 18:33 B D:\xampp\htdocs\projects\bilva\lib\PHPMailer-master\examples\styles\shThemeEmacs.css --> ftp.bisedu.ae /lib/PHPMailer-master/examples/styles shThemeEmacs.css
2015.12.16 18:33 B D:\xampp\htdocs\projects\bilva\lib\PHPMailer-master\examples\styles\shThemeFadeToGrey.css --> ftp.bisedu.ae /lib/PHPMailer-master/examples/styles shThemeFadeToGrey.css
2015.12.16 18:33 B D:\xampp\htdocs\projects\bilva\lib\PHPMailer-master\examples\styles\shThemeMDUltra.css --> ftp.bisedu.ae /lib/PHPMailer-master/examples/styles shThemeMDUltra.css
2015.12.16 18:33 B D:\xampp\htdocs\projects\bilva\lib\PHPMailer-master\examples\styles\shThemeMidnight.css --> ftp.bisedu.ae /lib/PHPMailer-master/examples/styles shThemeMidnight.css
2015.12.16 18:34 B D:\xampp\htdocs\projects\bilva\lib\PHPMailer-master\examples\styles\shThemeRDark.css --> ftp.bisedu.ae /lib/PHPMailer-master/examples/styles shThemeRDark.css
2015.12.16 18:34 B D:\xampp\htdocs\projects\bilva\lib\PHPMailer-master\examples\styles\shThemeVisualStudio.css --> ftp.bisedu.ae /lib/PHPMailer-master/examples/styles shThemeVisualStudio.css
2015.12.16 18:34 B D:\xampp\htdocs\projects\bilva\lib\PHPMailer-master\examples\styles\wrapping.png --> ftp.bisedu.ae /lib/PHPMailer-master/examples/styles wrapping.png
2015.12.16 18:34 B D:\xampp\htdocs\projects\bilva\lib\PHPMailer-master\examples\styles\WS_FTP.LOG --> ftp.bisedu.ae /lib/PHPMailer-master/examples/styles WS_FTP.LOG
