2015.04.02 00:08 B D:\xampp\htdocs\projects\dubairealestatepropertiesblog\admin_blog\plugins\fullcalendar\lang\ar-ma.js --> dubairealestateproperties.com /admin_blog/plugins/fullcalendar/lang ar-ma.js
2015.04.02 00:08 B D:\xampp\htdocs\projects\dubairealestatepropertiesblog\admin_blog\plugins\fullcalendar\lang\ar-sa.js --> dubairealestateproperties.com /admin_blog/plugins/fullcalendar/lang ar-sa.js
2015.04.02 00:08 B D:\xampp\htdocs\projects\dubairealestatepropertiesblog\admin_blog\plugins\fullcalendar\lang\ar.js --> dubairealestateproperties.com /admin_blog/plugins/fullcalendar/lang ar.js
2015.04.02 00:08 B D:\xampp\htdocs\projects\dubairealestatepropertiesblog\admin_blog\plugins\fullcalendar\lang\bg.js --> dubairealestateproperties.com /admin_blog/plugins/fullcalendar/lang bg.js
2015.04.02 00:08 B D:\xampp\htdocs\projects\dubairealestatepropertiesblog\admin_blog\plugins\fullcalendar\lang\ca.js --> dubairealestateproperties.com /admin_blog/plugins/fullcalendar/lang ca.js
2015.04.02 00:08 B D:\xampp\htdocs\projects\dubairealestatepropertiesblog\admin_blog\plugins\fullcalendar\lang\cs.js --> dubairealestateproperties.com /admin_blog/plugins/fullcalendar/lang cs.js
2015.04.02 00:08 B D:\xampp\htdocs\projects\dubairealestatepropertiesblog\admin_blog\plugins\fullcalendar\lang\da.js --> dubairealestateproperties.com /admin_blog/plugins/fullcalendar/lang da.js
2015.04.02 00:08 B D:\xampp\htdocs\projects\dubairealestatepropertiesblog\admin_blog\plugins\fullcalendar\lang\de-at.js --> dubairealestateproperties.com /admin_blog/plugins/fullcalendar/lang de-at.js
2015.04.02 00:08 B D:\xampp\htdocs\projects\dubairealestatepropertiesblog\admin_blog\plugins\fullcalendar\lang\de.js --> dubairealestateproperties.com /admin_blog/plugins/fullcalendar/lang de.js
2015.04.02 00:09 B D:\xampp\htdocs\projects\dubairealestatepropertiesblog\admin_blog\plugins\fullcalendar\lang\el.js --> dubairealestateproperties.com /admin_blog/plugins/fullcalendar/lang el.js
2015.04.02 00:09 B D:\xampp\htdocs\projects\dubairealestatepropertiesblog\admin_blog\plugins\fullcalendar\lang\en-au.js --> dubairealestateproperties.com /admin_blog/plugins/fullcalendar/lang en-au.js
2015.04.02 00:09 B D:\xampp\htdocs\projects\dubairealestatepropertiesblog\admin_blog\plugins\fullcalendar\lang\en-ca.js --> dubairealestateproperties.com /admin_blog/plugins/fullcalendar/lang en-ca.js
2015.04.02 00:09 B D:\xampp\htdocs\projects\dubairealestatepropertiesblog\admin_blog\plugins\fullcalendar\lang\en-gb.js --> dubairealestateproperties.com /admin_blog/plugins/fullcalendar/lang en-gb.js
2015.04.02 00:09 B D:\xampp\htdocs\projects\dubairealestatepropertiesblog\admin_blog\plugins\fullcalendar\lang\es.js --> dubairealestateproperties.com /admin_blog/plugins/fullcalendar/lang es.js
2015.04.02 00:09 B D:\xampp\htdocs\projects\dubairealestatepropertiesblog\admin_blog\plugins\fullcalendar\lang\fa.js --> dubairealestateproperties.com /admin_blog/plugins/fullcalendar/lang fa.js
2015.04.02 00:09 B D:\xampp\htdocs\projects\dubairealestatepropertiesblog\admin_blog\plugins\fullcalendar\lang\fi.js --> dubairealestateproperties.com /admin_blog/plugins/fullcalendar/lang fi.js
2015.04.02 00:09 B D:\xampp\htdocs\projects\dubairealestatepropertiesblog\admin_blog\plugins\fullcalendar\lang\fr-ca.js --> dubairealestateproperties.com /admin_blog/plugins/fullcalendar/lang fr-ca.js
2015.04.02 00:09 B D:\xampp\htdocs\projects\dubairealestatepropertiesblog\admin_blog\plugins\fullcalendar\lang\fr.js --> dubairealestateproperties.com /admin_blog/plugins/fullcalendar/lang fr.js
2015.04.02 00:09 B D:\xampp\htdocs\projects\dubairealestatepropertiesblog\admin_blog\plugins\fullcalendar\lang\hi.js --> dubairealestateproperties.com /admin_blog/plugins/fullcalendar/lang hi.js
2015.04.02 00:09 B D:\xampp\htdocs\projects\dubairealestatepropertiesblog\admin_blog\plugins\fullcalendar\lang\hr.js --> dubairealestateproperties.com /admin_blog/plugins/fullcalendar/lang hr.js
2015.04.02 00:09 B D:\xampp\htdocs\projects\dubairealestatepropertiesblog\admin_blog\plugins\fullcalendar\lang\hu.js --> dubairealestateproperties.com /admin_blog/plugins/fullcalendar/lang hu.js
2015.04.02 00:09 B D:\xampp\htdocs\projects\dubairealestatepropertiesblog\admin_blog\plugins\fullcalendar\lang\id.js --> dubairealestateproperties.com /admin_blog/plugins/fullcalendar/lang id.js
2015.04.02 00:09 B D:\xampp\htdocs\projects\dubairealestatepropertiesblog\admin_blog\plugins\fullcalendar\lang\is.js --> dubairealestateproperties.com /admin_blog/plugins/fullcalendar/lang is.js
2015.04.02 00:09 B D:\xampp\htdocs\projects\dubairealestatepropertiesblog\admin_blog\plugins\fullcalendar\lang\it.js --> dubairealestateproperties.com /admin_blog/plugins/fullcalendar/lang it.js
2015.04.02 00:09 B D:\xampp\htdocs\projects\dubairealestatepropertiesblog\admin_blog\plugins\fullcalendar\lang\ja.js --> dubairealestateproperties.com /admin_blog/plugins/fullcalendar/lang ja.js
2015.04.02 00:09 B D:\xampp\htdocs\projects\dubairealestatepropertiesblog\admin_blog\plugins\fullcalendar\lang\ko.js --> dubairealestateproperties.com /admin_blog/plugins/fullcalendar/lang ko.js
2015.04.02 00:09 B D:\xampp\htdocs\projects\dubairealestatepropertiesblog\admin_blog\plugins\fullcalendar\lang\lt.js --> dubairealestateproperties.com /admin_blog/plugins/fullcalendar/lang lt.js
2015.04.02 00:09 B D:\xampp\htdocs\projects\dubairealestatepropertiesblog\admin_blog\plugins\fullcalendar\lang\lv.js --> dubairealestateproperties.com /admin_blog/plugins/fullcalendar/lang lv.js
2015.04.02 00:10 B D:\xampp\htdocs\projects\dubairealestatepropertiesblog\admin_blog\plugins\fullcalendar\lang\nl.js --> dubairealestateproperties.com /admin_blog/plugins/fullcalendar/lang nl.js
2015.04.02 00:10 B D:\xampp\htdocs\projects\dubairealestatepropertiesblog\admin_blog\plugins\fullcalendar\lang\pl.js --> dubairealestateproperties.com /admin_blog/plugins/fullcalendar/lang pl.js
2015.04.02 00:10 B D:\xampp\htdocs\projects\dubairealestatepropertiesblog\admin_blog\plugins\fullcalendar\lang\pt-br.js --> dubairealestateproperties.com /admin_blog/plugins/fullcalendar/lang pt-br.js
2015.04.02 00:10 B D:\xampp\htdocs\projects\dubairealestatepropertiesblog\admin_blog\plugins\fullcalendar\lang\pt.js --> dubairealestateproperties.com /admin_blog/plugins/fullcalendar/lang pt.js
2015.04.02 00:10 B D:\xampp\htdocs\projects\dubairealestatepropertiesblog\admin_blog\plugins\fullcalendar\lang\ro.js --> dubairealestateproperties.com /admin_blog/plugins/fullcalendar/lang ro.js
2015.04.02 00:10 B D:\xampp\htdocs\projects\dubairealestatepropertiesblog\admin_blog\plugins\fullcalendar\lang\ru.js --> dubairealestateproperties.com /admin_blog/plugins/fullcalendar/lang ru.js
2015.04.02 00:10 B D:\xampp\htdocs\projects\dubairealestatepropertiesblog\admin_blog\plugins\fullcalendar\lang\sk.js --> dubairealestateproperties.com /admin_blog/plugins/fullcalendar/lang sk.js
2015.04.02 00:10 B D:\xampp\htdocs\projects\dubairealestatepropertiesblog\admin_blog\plugins\fullcalendar\lang\sl.js --> dubairealestateproperties.com /admin_blog/plugins/fullcalendar/lang sl.js
2015.04.02 00:10 B D:\xampp\htdocs\projects\dubairealestatepropertiesblog\admin_blog\plugins\fullcalendar\lang\sr-cyrl.js --> dubairealestateproperties.com /admin_blog/plugins/fullcalendar/lang sr-cyrl.js
2015.04.02 00:10 B D:\xampp\htdocs\projects\dubairealestatepropertiesblog\admin_blog\plugins\fullcalendar\lang\sr.js --> dubairealestateproperties.com /admin_blog/plugins/fullcalendar/lang sr.js
2015.04.02 00:10 B D:\xampp\htdocs\projects\dubairealestatepropertiesblog\admin_blog\plugins\fullcalendar\lang\sv.js --> dubairealestateproperties.com /admin_blog/plugins/fullcalendar/lang sv.js
2015.04.02 00:10 B D:\xampp\htdocs\projects\dubairealestatepropertiesblog\admin_blog\plugins\fullcalendar\lang\th.js --> dubairealestateproperties.com /admin_blog/plugins/fullcalendar/lang th.js
2015.04.02 00:10 B D:\xampp\htdocs\projects\dubairealestatepropertiesblog\admin_blog\plugins\fullcalendar\lang\tr.js --> dubairealestateproperties.com /admin_blog/plugins/fullcalendar/lang tr.js
2015.04.02 00:10 B D:\xampp\htdocs\projects\dubairealestatepropertiesblog\admin_blog\plugins\fullcalendar\lang\uk.js --> dubairealestateproperties.com /admin_blog/plugins/fullcalendar/lang uk.js
2015.04.02 00:10 B D:\xampp\htdocs\projects\dubairealestatepropertiesblog\admin_blog\plugins\fullcalendar\lang\vi.js --> dubairealestateproperties.com /admin_blog/plugins/fullcalendar/lang vi.js
2015.04.02 00:11 B D:\xampp\htdocs\projects\dubairealestatepropertiesblog\admin_blog\plugins\fullcalendar\lang\zh-cn.js --> dubairealestateproperties.com /admin_blog/plugins/fullcalendar/lang zh-cn.js
2015.04.02 00:11 B D:\xampp\htdocs\projects\dubairealestatepropertiesblog\admin_blog\plugins\fullcalendar\lang\zh-tw.js --> dubairealestateproperties.com /admin_blog/plugins/fullcalendar/lang zh-tw.js
