2015.04.01 23:36 B D:\xampp\htdocs\projects\dubairealestatepropertiesblog\admin_blog\plugins\amcharts\lang\az.js --> dubairealestateproperties.com /admin_blog/plugins/amcharts/lang az.js
2015.04.01 23:36 B D:\xampp\htdocs\projects\dubairealestatepropertiesblog\admin_blog\plugins\amcharts\lang\bg.js --> dubairealestateproperties.com /admin_blog/plugins/amcharts/lang bg.js
2015.04.01 23:36 B D:\xampp\htdocs\projects\dubairealestatepropertiesblog\admin_blog\plugins\amcharts\lang\de.js --> dubairealestateproperties.com /admin_blog/plugins/amcharts/lang de.js
2015.04.01 23:36 B D:\xampp\htdocs\projects\dubairealestatepropertiesblog\admin_blog\plugins\amcharts\lang\es.js --> dubairealestateproperties.com /admin_blog/plugins/amcharts/lang es.js
2015.04.01 23:36 B D:\xampp\htdocs\projects\dubairealestatepropertiesblog\admin_blog\plugins\amcharts\lang\fi.js --> dubairealestateproperties.com /admin_blog/plugins/amcharts/lang fi.js
2015.04.01 23:36 B D:\xampp\htdocs\projects\dubairealestatepropertiesblog\admin_blog\plugins\amcharts\lang\fo.js --> dubairealestateproperties.com /admin_blog/plugins/amcharts/lang fo.js
2015.04.01 23:36 B D:\xampp\htdocs\projects\dubairealestatepropertiesblog\admin_blog\plugins\amcharts\lang\fr.js --> dubairealestateproperties.com /admin_blog/plugins/amcharts/lang fr.js
2015.04.01 23:36 B D:\xampp\htdocs\projects\dubairealestatepropertiesblog\admin_blog\plugins\amcharts\lang\hr.js --> dubairealestateproperties.com /admin_blog/plugins/amcharts/lang hr.js
2015.04.01 23:37 B D:\xampp\htdocs\projects\dubairealestatepropertiesblog\admin_blog\plugins\amcharts\lang\hu.js --> dubairealestateproperties.com /admin_blog/plugins/amcharts/lang hu.js
2015.04.01 23:37 B D:\xampp\htdocs\projects\dubairealestatepropertiesblog\admin_blog\plugins\amcharts\lang\id.js --> dubairealestateproperties.com /admin_blog/plugins/amcharts/lang id.js
2015.04.01 23:37 B D:\xampp\htdocs\projects\dubairealestatepropertiesblog\admin_blog\plugins\amcharts\lang\is.js --> dubairealestateproperties.com /admin_blog/plugins/amcharts/lang is.js
2015.04.01 23:37 B D:\xampp\htdocs\projects\dubairealestatepropertiesblog\admin_blog\plugins\amcharts\lang\it.js --> dubairealestateproperties.com /admin_blog/plugins/amcharts/lang it.js
2015.04.01 23:37 B D:\xampp\htdocs\projects\dubairealestatepropertiesblog\admin_blog\plugins\amcharts\lang\lt.js --> dubairealestateproperties.com /admin_blog/plugins/amcharts/lang lt.js
2015.04.01 23:37 B D:\xampp\htdocs\projects\dubairealestatepropertiesblog\admin_blog\plugins\amcharts\lang\lv.js --> dubairealestateproperties.com /admin_blog/plugins/amcharts/lang lv.js
2015.04.01 23:37 B D:\xampp\htdocs\projects\dubairealestatepropertiesblog\admin_blog\plugins\amcharts\lang\mk.js --> dubairealestateproperties.com /admin_blog/plugins/amcharts/lang mk.js
2015.04.01 23:37 B D:\xampp\htdocs\projects\dubairealestatepropertiesblog\admin_blog\plugins\amcharts\lang\mn.js --> dubairealestateproperties.com /admin_blog/plugins/amcharts/lang mn.js
2015.04.01 23:37 B D:\xampp\htdocs\projects\dubairealestatepropertiesblog\admin_blog\plugins\amcharts\lang\mt.js --> dubairealestateproperties.com /admin_blog/plugins/amcharts/lang mt.js
2015.04.01 23:37 B D:\xampp\htdocs\projects\dubairealestatepropertiesblog\admin_blog\plugins\amcharts\lang\nl.js --> dubairealestateproperties.com /admin_blog/plugins/amcharts/lang nl.js
2015.04.01 23:37 B D:\xampp\htdocs\projects\dubairealestatepropertiesblog\admin_blog\plugins\amcharts\lang\no.js --> dubairealestateproperties.com /admin_blog/plugins/amcharts/lang no.js
2015.04.01 23:37 B D:\xampp\htdocs\projects\dubairealestatepropertiesblog\admin_blog\plugins\amcharts\lang\pl.js --> dubairealestateproperties.com /admin_blog/plugins/amcharts/lang pl.js
2015.04.01 23:37 B D:\xampp\htdocs\projects\dubairealestatepropertiesblog\admin_blog\plugins\amcharts\lang\pt.js --> dubairealestateproperties.com /admin_blog/plugins/amcharts/lang pt.js
2015.04.01 23:37 B D:\xampp\htdocs\projects\dubairealestatepropertiesblog\admin_blog\plugins\amcharts\lang\ro.js --> dubairealestateproperties.com /admin_blog/plugins/amcharts/lang ro.js
2015.04.01 23:37 B D:\xampp\htdocs\projects\dubairealestatepropertiesblog\admin_blog\plugins\amcharts\lang\ru.js --> dubairealestateproperties.com /admin_blog/plugins/amcharts/lang ru.js
2015.04.01 23:37 B D:\xampp\htdocs\projects\dubairealestatepropertiesblog\admin_blog\plugins\amcharts\lang\rw.js --> dubairealestateproperties.com /admin_blog/plugins/amcharts/lang rw.js
2015.04.01 23:37 B D:\xampp\htdocs\projects\dubairealestatepropertiesblog\admin_blog\plugins\amcharts\lang\sk.js --> dubairealestateproperties.com /admin_blog/plugins/amcharts/lang sk.js
2015.04.01 23:37 B D:\xampp\htdocs\projects\dubairealestatepropertiesblog\admin_blog\plugins\amcharts\lang\so.js --> dubairealestateproperties.com /admin_blog/plugins/amcharts/lang so.js
2015.04.01 23:37 B D:\xampp\htdocs\projects\dubairealestatepropertiesblog\admin_blog\plugins\amcharts\lang\th.js --> dubairealestateproperties.com /admin_blog/plugins/amcharts/lang th.js
2015.04.01 23:37 B D:\xampp\htdocs\projects\dubairealestatepropertiesblog\admin_blog\plugins\amcharts\lang\tr.js --> dubairealestateproperties.com /admin_blog/plugins/amcharts/lang tr.js
2015.04.11 11:49 B D:\xampp\htdocs\projects\minagarage\html\admin\plugins\amcharts\lang\az.js --> connectivelinkstechnology.com /public_html/demo/minagarage/html/admin/plugins/amcharts/lang az.js
2015.04.11 11:49 B D:\xampp\htdocs\projects\minagarage\html\admin\plugins\amcharts\lang\bg.js --> connectivelinkstechnology.com /public_html/demo/minagarage/html/admin/plugins/amcharts/lang bg.js
2015.04.11 11:49 B D:\xampp\htdocs\projects\minagarage\html\admin\plugins\amcharts\lang\de.js --> connectivelinkstechnology.com /public_html/demo/minagarage/html/admin/plugins/amcharts/lang de.js
2015.04.11 11:49 B D:\xampp\htdocs\projects\minagarage\html\admin\plugins\amcharts\lang\es.js --> connectivelinkstechnology.com /public_html/demo/minagarage/html/admin/plugins/amcharts/lang es.js
2015.04.11 11:49 B D:\xampp\htdocs\projects\minagarage\html\admin\plugins\amcharts\lang\fi.js --> connectivelinkstechnology.com /public_html/demo/minagarage/html/admin/plugins/amcharts/lang fi.js
2015.04.11 11:49 B D:\xampp\htdocs\projects\minagarage\html\admin\plugins\amcharts\lang\fo.js --> connectivelinkstechnology.com /public_html/demo/minagarage/html/admin/plugins/amcharts/lang fo.js
2015.04.11 11:49 B D:\xampp\htdocs\projects\minagarage\html\admin\plugins\amcharts\lang\fr.js --> connectivelinkstechnology.com /public_html/demo/minagarage/html/admin/plugins/amcharts/lang fr.js
2015.04.11 11:49 B D:\xampp\htdocs\projects\minagarage\html\admin\plugins\amcharts\lang\hr.js --> connectivelinkstechnology.com /public_html/demo/minagarage/html/admin/plugins/amcharts/lang hr.js
2015.04.11 11:50 B D:\xampp\htdocs\projects\minagarage\html\admin\plugins\amcharts\lang\hu.js --> connectivelinkstechnology.com /public_html/demo/minagarage/html/admin/plugins/amcharts/lang hu.js
2015.04.11 11:50 B D:\xampp\htdocs\projects\minagarage\html\admin\plugins\amcharts\lang\id.js --> connectivelinkstechnology.com /public_html/demo/minagarage/html/admin/plugins/amcharts/lang id.js
2015.04.11 11:50 B D:\xampp\htdocs\projects\minagarage\html\admin\plugins\amcharts\lang\is.js --> connectivelinkstechnology.com /public_html/demo/minagarage/html/admin/plugins/amcharts/lang is.js
2015.04.11 11:50 B D:\xampp\htdocs\projects\minagarage\html\admin\plugins\amcharts\lang\it.js --> connectivelinkstechnology.com /public_html/demo/minagarage/html/admin/plugins/amcharts/lang it.js
2015.04.11 11:50 B D:\xampp\htdocs\projects\minagarage\html\admin\plugins\amcharts\lang\lt.js --> connectivelinkstechnology.com /public_html/demo/minagarage/html/admin/plugins/amcharts/lang lt.js
2015.04.11 11:50 B D:\xampp\htdocs\projects\minagarage\html\admin\plugins\amcharts\lang\lv.js --> connectivelinkstechnology.com /public_html/demo/minagarage/html/admin/plugins/amcharts/lang lv.js
2015.04.11 11:50 B D:\xampp\htdocs\projects\minagarage\html\admin\plugins\amcharts\lang\mk.js --> connectivelinkstechnology.com /public_html/demo/minagarage/html/admin/plugins/amcharts/lang mk.js
2015.04.11 11:50 B D:\xampp\htdocs\projects\minagarage\html\admin\plugins\amcharts\lang\mn.js --> connectivelinkstechnology.com /public_html/demo/minagarage/html/admin/plugins/amcharts/lang mn.js
2015.04.11 11:50 B D:\xampp\htdocs\projects\minagarage\html\admin\plugins\amcharts\lang\mt.js --> connectivelinkstechnology.com /public_html/demo/minagarage/html/admin/plugins/amcharts/lang mt.js
2015.04.11 11:50 B D:\xampp\htdocs\projects\minagarage\html\admin\plugins\amcharts\lang\nl.js --> connectivelinkstechnology.com /public_html/demo/minagarage/html/admin/plugins/amcharts/lang nl.js
2015.04.11 11:50 B D:\xampp\htdocs\projects\minagarage\html\admin\plugins\amcharts\lang\no.js --> connectivelinkstechnology.com /public_html/demo/minagarage/html/admin/plugins/amcharts/lang no.js
2015.04.11 11:50 B D:\xampp\htdocs\projects\minagarage\html\admin\plugins\amcharts\lang\pl.js --> connectivelinkstechnology.com /public_html/demo/minagarage/html/admin/plugins/amcharts/lang pl.js
2015.04.11 11:50 B D:\xampp\htdocs\projects\minagarage\html\admin\plugins\amcharts\lang\pt.js --> connectivelinkstechnology.com /public_html/demo/minagarage/html/admin/plugins/amcharts/lang pt.js
2015.04.11 11:50 B D:\xampp\htdocs\projects\minagarage\html\admin\plugins\amcharts\lang\ro.js --> connectivelinkstechnology.com /public_html/demo/minagarage/html/admin/plugins/amcharts/lang ro.js
2015.04.11 11:50 B D:\xampp\htdocs\projects\minagarage\html\admin\plugins\amcharts\lang\ru.js --> connectivelinkstechnology.com /public_html/demo/minagarage/html/admin/plugins/amcharts/lang ru.js
2015.04.11 11:50 B D:\xampp\htdocs\projects\minagarage\html\admin\plugins\amcharts\lang\rw.js --> connectivelinkstechnology.com /public_html/demo/minagarage/html/admin/plugins/amcharts/lang rw.js
2015.04.11 11:50 B D:\xampp\htdocs\projects\minagarage\html\admin\plugins\amcharts\lang\sk.js --> connectivelinkstechnology.com /public_html/demo/minagarage/html/admin/plugins/amcharts/lang sk.js
2015.04.11 11:50 B D:\xampp\htdocs\projects\minagarage\html\admin\plugins\amcharts\lang\so.js --> connectivelinkstechnology.com /public_html/demo/minagarage/html/admin/plugins/amcharts/lang so.js
2015.04.11 11:50 B D:\xampp\htdocs\projects\minagarage\html\admin\plugins\amcharts\lang\th.js --> connectivelinkstechnology.com /public_html/demo/minagarage/html/admin/plugins/amcharts/lang th.js
2015.04.11 11:50 B D:\xampp\htdocs\projects\minagarage\html\admin\plugins\amcharts\lang\tr.js --> connectivelinkstechnology.com /public_html/demo/minagarage/html/admin/plugins/amcharts/lang tr.js
2015.04.11 11:50 B D:\xampp\htdocs\projects\minagarage\html\admin\plugins\amcharts\lang\WS_FTP.LOG --> connectivelinkstechnology.com /public_html/demo/minagarage/html/admin/plugins/amcharts/lang WS_FTP.LOG
2015.04.11 12:00 B D:\xampp\htdocs\projects\minagarage\html\admin\plugins\amcharts\lang\WS_FTP.LOG --> connectivelinkstechnology.com /public_html/demo/minagarage/html/admin/plugins/amcharts/lang WS_FTP.LOG
