2015.04.02 00:22 B D:\xampp\htdocs\projects\dubairealestatepropertiesblog\admin_blog\plugins\select2\bower.json --> dubairealestateproperties.com /admin_blog/plugins/select2 bower.json
2015.04.02 00:22 B D:\xampp\htdocs\projects\dubairealestatepropertiesblog\admin_blog\plugins\select2\component.json --> dubairealestateproperties.com /admin_blog/plugins/select2 component.json
2015.04.02 00:23 B D:\xampp\htdocs\projects\dubairealestatepropertiesblog\admin_blog\plugins\select2\composer.json --> dubairealestateproperties.com /admin_blog/plugins/select2 composer.json
2015.04.02 00:23 B D:\xampp\htdocs\projects\dubairealestatepropertiesblog\admin_blog\plugins\select2\LICENSE --> dubairealestateproperties.com /admin_blog/plugins/select2 LICENSE
2015.04.02 00:23 B D:\xampp\htdocs\projects\dubairealestatepropertiesblog\admin_blog\plugins\select2\package.json --> dubairealestateproperties.com /admin_blog/plugins/select2 package.json
2015.04.02 00:23 B D:\xampp\htdocs\projects\dubairealestatepropertiesblog\admin_blog\plugins\select2\README.md --> dubairealestateproperties.com /admin_blog/plugins/select2 README.md
2015.04.02 00:23 B D:\xampp\htdocs\projects\dubairealestatepropertiesblog\admin_blog\plugins\select2\release.sh --> dubairealestateproperties.com /admin_blog/plugins/select2 release.sh
2015.04.02 00:23 B D:\xampp\htdocs\projects\dubairealestatepropertiesblog\admin_blog\plugins\select2\select2-bootstrap.css --> dubairealestateproperties.com /admin_blog/plugins/select2 select2-bootstrap.css
2015.04.02 00:23 B D:\xampp\htdocs\projects\dubairealestatepropertiesblog\admin_blog\plugins\select2\select2-spinner.gif --> dubairealestateproperties.com /admin_blog/plugins/select2 select2-spinner.gif
2015.04.02 00:23 B D:\xampp\htdocs\projects\dubairealestatepropertiesblog\admin_blog\plugins\select2\select2.css --> dubairealestateproperties.com /admin_blog/plugins/select2 select2.css
2015.04.02 00:23 B D:\xampp\htdocs\projects\dubairealestatepropertiesblog\admin_blog\plugins\select2\select2.jquery.json --> dubairealestateproperties.com /admin_blog/plugins/select2 select2.jquery.json
2015.04.02 00:23 B D:\xampp\htdocs\projects\dubairealestatepropertiesblog\admin_blog\plugins\select2\select2.js --> dubairealestateproperties.com /admin_blog/plugins/select2 select2.js
2015.04.02 00:23 B D:\xampp\htdocs\projects\dubairealestatepropertiesblog\admin_blog\plugins\select2\select2.min.js --> dubairealestateproperties.com /admin_blog/plugins/select2 select2.min.js
2015.04.02 00:23 B D:\xampp\htdocs\projects\dubairealestatepropertiesblog\admin_blog\plugins\select2\select2.png --> dubairealestateproperties.com /admin_blog/plugins/select2 select2.png
2015.04.02 00:23 B D:\xampp\htdocs\projects\dubairealestatepropertiesblog\admin_blog\plugins\select2\select2_locale_ar.js --> dubairealestateproperties.com /admin_blog/plugins/select2 select2_locale_ar.js
2015.04.02 00:23 B D:\xampp\htdocs\projects\dubairealestatepropertiesblog\admin_blog\plugins\select2\select2_locale_az.js --> dubairealestateproperties.com /admin_blog/plugins/select2 select2_locale_az.js
2015.04.02 00:23 B D:\xampp\htdocs\projects\dubairealestatepropertiesblog\admin_blog\plugins\select2\select2_locale_bg.js --> dubairealestateproperties.com /admin_blog/plugins/select2 select2_locale_bg.js
2015.04.02 00:23 B D:\xampp\htdocs\projects\dubairealestatepropertiesblog\admin_blog\plugins\select2\select2_locale_ca.js --> dubairealestateproperties.com /admin_blog/plugins/select2 select2_locale_ca.js
2015.04.02 00:23 B D:\xampp\htdocs\projects\dubairealestatepropertiesblog\admin_blog\plugins\select2\select2_locale_cs.js --> dubairealestateproperties.com /admin_blog/plugins/select2 select2_locale_cs.js
2015.04.02 00:23 B D:\xampp\htdocs\projects\dubairealestatepropertiesblog\admin_blog\plugins\select2\select2_locale_da.js --> dubairealestateproperties.com /admin_blog/plugins/select2 select2_locale_da.js
2015.04.02 00:23 B D:\xampp\htdocs\projects\dubairealestatepropertiesblog\admin_blog\plugins\select2\select2_locale_de.js --> dubairealestateproperties.com /admin_blog/plugins/select2 select2_locale_de.js
2015.04.02 00:23 B D:\xampp\htdocs\projects\dubairealestatepropertiesblog\admin_blog\plugins\select2\select2_locale_el.js --> dubairealestateproperties.com /admin_blog/plugins/select2 select2_locale_el.js
2015.04.02 00:23 B D:\xampp\htdocs\projects\dubairealestatepropertiesblog\admin_blog\plugins\select2\select2_locale_en.js.template --> dubairealestateproperties.com /admin_blog/plugins/select2 select2_locale_en.js.template
2015.04.02 00:23 B D:\xampp\htdocs\projects\dubairealestatepropertiesblog\admin_blog\plugins\select2\select2_locale_es.js --> dubairealestateproperties.com /admin_blog/plugins/select2 select2_locale_es.js
2015.04.02 00:23 B D:\xampp\htdocs\projects\dubairealestatepropertiesblog\admin_blog\plugins\select2\select2_locale_et.js --> dubairealestateproperties.com /admin_blog/plugins/select2 select2_locale_et.js
2015.04.02 00:23 B D:\xampp\htdocs\projects\dubairealestatepropertiesblog\admin_blog\plugins\select2\select2_locale_eu.js --> dubairealestateproperties.com /admin_blog/plugins/select2 select2_locale_eu.js
2015.04.02 00:23 B D:\xampp\htdocs\projects\dubairealestatepropertiesblog\admin_blog\plugins\select2\select2_locale_fa.js --> dubairealestateproperties.com /admin_blog/plugins/select2 select2_locale_fa.js
2015.04.02 00:23 B D:\xampp\htdocs\projects\dubairealestatepropertiesblog\admin_blog\plugins\select2\select2_locale_fi.js --> dubairealestateproperties.com /admin_blog/plugins/select2 select2_locale_fi.js
2015.04.02 00:23 B D:\xampp\htdocs\projects\dubairealestatepropertiesblog\admin_blog\plugins\select2\select2_locale_fr.js --> dubairealestateproperties.com /admin_blog/plugins/select2 select2_locale_fr.js
2015.04.02 00:23 B D:\xampp\htdocs\projects\dubairealestatepropertiesblog\admin_blog\plugins\select2\select2_locale_gl.js --> dubairealestateproperties.com /admin_blog/plugins/select2 select2_locale_gl.js
2015.04.02 00:23 B D:\xampp\htdocs\projects\dubairealestatepropertiesblog\admin_blog\plugins\select2\select2_locale_he.js --> dubairealestateproperties.com /admin_blog/plugins/select2 select2_locale_he.js
2015.04.02 00:23 B D:\xampp\htdocs\projects\dubairealestatepropertiesblog\admin_blog\plugins\select2\select2_locale_hr.js --> dubairealestateproperties.com /admin_blog/plugins/select2 select2_locale_hr.js
2015.04.02 00:23 B D:\xampp\htdocs\projects\dubairealestatepropertiesblog\admin_blog\plugins\select2\select2_locale_hu.js --> dubairealestateproperties.com /admin_blog/plugins/select2 select2_locale_hu.js
2015.04.02 00:23 B D:\xampp\htdocs\projects\dubairealestatepropertiesblog\admin_blog\plugins\select2\select2_locale_id.js --> dubairealestateproperties.com /admin_blog/plugins/select2 select2_locale_id.js
2015.04.02 00:23 B D:\xampp\htdocs\projects\dubairealestatepropertiesblog\admin_blog\plugins\select2\select2_locale_is.js --> dubairealestateproperties.com /admin_blog/plugins/select2 select2_locale_is.js
2015.04.02 00:23 B D:\xampp\htdocs\projects\dubairealestatepropertiesblog\admin_blog\plugins\select2\select2_locale_it.js --> dubairealestateproperties.com /admin_blog/plugins/select2 select2_locale_it.js
2015.04.02 00:23 B D:\xampp\htdocs\projects\dubairealestatepropertiesblog\admin_blog\plugins\select2\select2_locale_ja.js --> dubairealestateproperties.com /admin_blog/plugins/select2 select2_locale_ja.js
2015.04.02 00:24 B D:\xampp\htdocs\projects\dubairealestatepropertiesblog\admin_blog\plugins\select2\select2_locale_ka.js --> dubairealestateproperties.com /admin_blog/plugins/select2 select2_locale_ka.js
2015.04.02 00:24 B D:\xampp\htdocs\projects\dubairealestatepropertiesblog\admin_blog\plugins\select2\select2_locale_ko.js --> dubairealestateproperties.com /admin_blog/plugins/select2 select2_locale_ko.js
2015.04.02 00:24 B D:\xampp\htdocs\projects\dubairealestatepropertiesblog\admin_blog\plugins\select2\select2_locale_lt.js --> dubairealestateproperties.com /admin_blog/plugins/select2 select2_locale_lt.js
2015.04.02 00:24 B D:\xampp\htdocs\projects\dubairealestatepropertiesblog\admin_blog\plugins\select2\select2_locale_lv.js --> dubairealestateproperties.com /admin_blog/plugins/select2 select2_locale_lv.js
2015.04.02 00:24 B D:\xampp\htdocs\projects\dubairealestatepropertiesblog\admin_blog\plugins\select2\select2_locale_mk.js --> dubairealestateproperties.com /admin_blog/plugins/select2 select2_locale_mk.js
2015.04.02 00:24 B D:\xampp\htdocs\projects\dubairealestatepropertiesblog\admin_blog\plugins\select2\select2_locale_ms.js --> dubairealestateproperties.com /admin_blog/plugins/select2 select2_locale_ms.js
2015.04.02 00:24 B D:\xampp\htdocs\projects\dubairealestatepropertiesblog\admin_blog\plugins\select2\select2_locale_nl.js --> dubairealestateproperties.com /admin_blog/plugins/select2 select2_locale_nl.js
2015.04.02 00:24 B D:\xampp\htdocs\projects\dubairealestatepropertiesblog\admin_blog\plugins\select2\select2_locale_no.js --> dubairealestateproperties.com /admin_blog/plugins/select2 select2_locale_no.js
2015.04.02 00:24 B D:\xampp\htdocs\projects\dubairealestatepropertiesblog\admin_blog\plugins\select2\select2_locale_pl.js --> dubairealestateproperties.com /admin_blog/plugins/select2 select2_locale_pl.js
2015.04.02 00:24 B D:\xampp\htdocs\projects\dubairealestatepropertiesblog\admin_blog\plugins\select2\select2_locale_pt-BR.js --> dubairealestateproperties.com /admin_blog/plugins/select2 select2_locale_pt-BR.js
2015.04.02 00:24 B D:\xampp\htdocs\projects\dubairealestatepropertiesblog\admin_blog\plugins\select2\select2_locale_pt-PT.js --> dubairealestateproperties.com /admin_blog/plugins/select2 select2_locale_pt-PT.js
2015.04.02 00:24 B D:\xampp\htdocs\projects\dubairealestatepropertiesblog\admin_blog\plugins\select2\select2_locale_ro.js --> dubairealestateproperties.com /admin_blog/plugins/select2 select2_locale_ro.js
2015.04.02 00:24 B D:\xampp\htdocs\projects\dubairealestatepropertiesblog\admin_blog\plugins\select2\select2_locale_rs.js --> dubairealestateproperties.com /admin_blog/plugins/select2 select2_locale_rs.js
2015.04.02 00:24 B D:\xampp\htdocs\projects\dubairealestatepropertiesblog\admin_blog\plugins\select2\select2_locale_ru.js --> dubairealestateproperties.com /admin_blog/plugins/select2 select2_locale_ru.js
2015.04.02 00:24 B D:\xampp\htdocs\projects\dubairealestatepropertiesblog\admin_blog\plugins\select2\select2_locale_sk.js --> dubairealestateproperties.com /admin_blog/plugins/select2 select2_locale_sk.js
2015.04.02 00:24 B D:\xampp\htdocs\projects\dubairealestatepropertiesblog\admin_blog\plugins\select2\select2_locale_sv.js --> dubairealestateproperties.com /admin_blog/plugins/select2 select2_locale_sv.js
2015.04.02 00:25 B D:\xampp\htdocs\projects\dubairealestatepropertiesblog\admin_blog\plugins\select2\select2_locale_th.js --> dubairealestateproperties.com /admin_blog/plugins/select2 select2_locale_th.js
2015.04.02 00:25 B D:\xampp\htdocs\projects\dubairealestatepropertiesblog\admin_blog\plugins\select2\select2_locale_tr.js --> dubairealestateproperties.com /admin_blog/plugins/select2 select2_locale_tr.js
2015.04.02 00:25 B D:\xampp\htdocs\projects\dubairealestatepropertiesblog\admin_blog\plugins\select2\select2_locale_ua.js --> dubairealestateproperties.com /admin_blog/plugins/select2 select2_locale_ua.js
2015.04.02 00:25 B D:\xampp\htdocs\projects\dubairealestatepropertiesblog\admin_blog\plugins\select2\select2_locale_ug-CN.js --> dubairealestateproperties.com /admin_blog/plugins/select2 select2_locale_ug-CN.js
2015.04.02 00:25 B D:\xampp\htdocs\projects\dubairealestatepropertiesblog\admin_blog\plugins\select2\select2_locale_uk.js --> dubairealestateproperties.com /admin_blog/plugins/select2 select2_locale_uk.js
2015.04.02 00:25 B D:\xampp\htdocs\projects\dubairealestatepropertiesblog\admin_blog\plugins\select2\select2_locale_vi.js --> dubairealestateproperties.com /admin_blog/plugins/select2 select2_locale_vi.js
2015.04.02 00:25 B D:\xampp\htdocs\projects\dubairealestatepropertiesblog\admin_blog\plugins\select2\select2_locale_zh-CN.js --> dubairealestateproperties.com /admin_blog/plugins/select2 select2_locale_zh-CN.js
2015.04.02 00:25 B D:\xampp\htdocs\projects\dubairealestatepropertiesblog\admin_blog\plugins\select2\select2_locale_zh-TW.js --> dubairealestateproperties.com /admin_blog/plugins/select2 select2_locale_zh-TW.js
2015.04.02 00:25 B D:\xampp\htdocs\projects\dubairealestatepropertiesblog\admin_blog\plugins\select2\select2x2.png --> dubairealestateproperties.com /admin_blog/plugins/select2 select2x2.png
2015.04.11 11:06 B D:\xampp\htdocs\projects\minagarage\html\admin\plugins\select2\WS_FTP.LOG --> connectivelinkstechnology.com /public_html/demo/minagarage/html/admin/plugins/select2 WS_FTP.LOG
2015.04.11 11:06 B D:\xampp\htdocs\projects\minagarage\html\admin\plugins\select2\select2x2.png --> connectivelinkstechnology.com /public_html/demo/minagarage/html/admin/plugins/select2 select2x2.png
2015.04.11 11:06 B D:\xampp\htdocs\projects\minagarage\html\admin\plugins\select2\select2_locale_zh-TW.js --> connectivelinkstechnology.com /public_html/demo/minagarage/html/admin/plugins/select2 select2_locale_zh-TW.js
2015.04.11 11:06 B D:\xampp\htdocs\projects\minagarage\html\admin\plugins\select2\select2_locale_zh-CN.js --> connectivelinkstechnology.com /public_html/demo/minagarage/html/admin/plugins/select2 select2_locale_zh-CN.js
2015.04.11 11:06 B D:\xampp\htdocs\projects\minagarage\html\admin\plugins\select2\select2_locale_vi.js --> connectivelinkstechnology.com /public_html/demo/minagarage/html/admin/plugins/select2 select2_locale_vi.js
2015.04.11 11:06 B D:\xampp\htdocs\projects\minagarage\html\admin\plugins\select2\select2_locale_uk.js --> connectivelinkstechnology.com /public_html/demo/minagarage/html/admin/plugins/select2 select2_locale_uk.js
2015.04.11 11:06 B D:\xampp\htdocs\projects\minagarage\html\admin\plugins\select2\select2_locale_ug-CN.js --> connectivelinkstechnology.com /public_html/demo/minagarage/html/admin/plugins/select2 select2_locale_ug-CN.js
2015.04.11 11:06 B D:\xampp\htdocs\projects\minagarage\html\admin\plugins\select2\select2_locale_ua.js --> connectivelinkstechnology.com /public_html/demo/minagarage/html/admin/plugins/select2 select2_locale_ua.js
2015.04.11 11:06 B D:\xampp\htdocs\projects\minagarage\html\admin\plugins\select2\select2_locale_tr.js --> connectivelinkstechnology.com /public_html/demo/minagarage/html/admin/plugins/select2 select2_locale_tr.js
2015.04.11 11:06 B D:\xampp\htdocs\projects\minagarage\html\admin\plugins\select2\select2_locale_th.js --> connectivelinkstechnology.com /public_html/demo/minagarage/html/admin/plugins/select2 select2_locale_th.js
2015.04.11 11:06 B D:\xampp\htdocs\projects\minagarage\html\admin\plugins\select2\select2_locale_sv.js --> connectivelinkstechnology.com /public_html/demo/minagarage/html/admin/plugins/select2 select2_locale_sv.js
2015.04.11 11:06 B D:\xampp\htdocs\projects\minagarage\html\admin\plugins\select2\select2_locale_sk.js --> connectivelinkstechnology.com /public_html/demo/minagarage/html/admin/plugins/select2 select2_locale_sk.js
2015.04.11 11:06 B D:\xampp\htdocs\projects\minagarage\html\admin\plugins\select2\select2_locale_ru.js --> connectivelinkstechnology.com /public_html/demo/minagarage/html/admin/plugins/select2 select2_locale_ru.js
2015.04.11 11:06 B D:\xampp\htdocs\projects\minagarage\html\admin\plugins\select2\select2_locale_rs.js --> connectivelinkstechnology.com /public_html/demo/minagarage/html/admin/plugins/select2 select2_locale_rs.js
2015.04.11 11:06 B D:\xampp\htdocs\projects\minagarage\html\admin\plugins\select2\select2_locale_ro.js --> connectivelinkstechnology.com /public_html/demo/minagarage/html/admin/plugins/select2 select2_locale_ro.js
2015.04.11 11:06 B D:\xampp\htdocs\projects\minagarage\html\admin\plugins\select2\select2_locale_pt-PT.js --> connectivelinkstechnology.com /public_html/demo/minagarage/html/admin/plugins/select2 select2_locale_pt-PT.js
2015.04.11 11:06 B D:\xampp\htdocs\projects\minagarage\html\admin\plugins\select2\select2_locale_pt-BR.js --> connectivelinkstechnology.com /public_html/demo/minagarage/html/admin/plugins/select2 select2_locale_pt-BR.js
2015.04.11 11:06 B D:\xampp\htdocs\projects\minagarage\html\admin\plugins\select2\select2_locale_pl.js --> connectivelinkstechnology.com /public_html/demo/minagarage/html/admin/plugins/select2 select2_locale_pl.js
2015.04.11 11:06 B D:\xampp\htdocs\projects\minagarage\html\admin\plugins\select2\select2_locale_no.js --> connectivelinkstechnology.com /public_html/demo/minagarage/html/admin/plugins/select2 select2_locale_no.js
2015.04.11 11:06 B D:\xampp\htdocs\projects\minagarage\html\admin\plugins\select2\select2_locale_nl.js --> connectivelinkstechnology.com /public_html/demo/minagarage/html/admin/plugins/select2 select2_locale_nl.js
2015.04.11 11:06 B D:\xampp\htdocs\projects\minagarage\html\admin\plugins\select2\select2_locale_ms.js --> connectivelinkstechnology.com /public_html/demo/minagarage/html/admin/plugins/select2 select2_locale_ms.js
2015.04.11 11:06 B D:\xampp\htdocs\projects\minagarage\html\admin\plugins\select2\select2_locale_mk.js --> connectivelinkstechnology.com /public_html/demo/minagarage/html/admin/plugins/select2 select2_locale_mk.js
2015.04.11 11:06 B D:\xampp\htdocs\projects\minagarage\html\admin\plugins\select2\select2_locale_lv.js --> connectivelinkstechnology.com /public_html/demo/minagarage/html/admin/plugins/select2 select2_locale_lv.js
2015.04.11 11:06 B D:\xampp\htdocs\projects\minagarage\html\admin\plugins\select2\select2_locale_lt.js --> connectivelinkstechnology.com /public_html/demo/minagarage/html/admin/plugins/select2 select2_locale_lt.js
2015.04.11 11:06 B D:\xampp\htdocs\projects\minagarage\html\admin\plugins\select2\select2_locale_ko.js --> connectivelinkstechnology.com /public_html/demo/minagarage/html/admin/plugins/select2 select2_locale_ko.js
2015.04.11 11:06 B D:\xampp\htdocs\projects\minagarage\html\admin\plugins\select2\select2_locale_ka.js --> connectivelinkstechnology.com /public_html/demo/minagarage/html/admin/plugins/select2 select2_locale_ka.js
2015.04.11 11:06 B D:\xampp\htdocs\projects\minagarage\html\admin\plugins\select2\select2_locale_ja.js --> connectivelinkstechnology.com /public_html/demo/minagarage/html/admin/plugins/select2 select2_locale_ja.js
2015.04.11 11:07 B D:\xampp\htdocs\projects\minagarage\html\admin\plugins\select2\select2_locale_it.js --> connectivelinkstechnology.com /public_html/demo/minagarage/html/admin/plugins/select2 select2_locale_it.js
2015.04.11 11:07 B D:\xampp\htdocs\projects\minagarage\html\admin\plugins\select2\select2_locale_is.js --> connectivelinkstechnology.com /public_html/demo/minagarage/html/admin/plugins/select2 select2_locale_is.js
2015.04.11 11:07 B D:\xampp\htdocs\projects\minagarage\html\admin\plugins\select2\select2_locale_id.js --> connectivelinkstechnology.com /public_html/demo/minagarage/html/admin/plugins/select2 select2_locale_id.js
2015.04.11 11:07 B D:\xampp\htdocs\projects\minagarage\html\admin\plugins\select2\select2_locale_hu.js --> connectivelinkstechnology.com /public_html/demo/minagarage/html/admin/plugins/select2 select2_locale_hu.js
2015.04.11 11:07 B D:\xampp\htdocs\projects\minagarage\html\admin\plugins\select2\select2_locale_hr.js --> connectivelinkstechnology.com /public_html/demo/minagarage/html/admin/plugins/select2 select2_locale_hr.js
2015.04.11 11:07 B D:\xampp\htdocs\projects\minagarage\html\admin\plugins\select2\select2_locale_he.js --> connectivelinkstechnology.com /public_html/demo/minagarage/html/admin/plugins/select2 select2_locale_he.js
2015.04.11 11:07 B D:\xampp\htdocs\projects\minagarage\html\admin\plugins\select2\select2_locale_gl.js --> connectivelinkstechnology.com /public_html/demo/minagarage/html/admin/plugins/select2 select2_locale_gl.js
2015.04.11 11:07 B D:\xampp\htdocs\projects\minagarage\html\admin\plugins\select2\select2_locale_fr.js --> connectivelinkstechnology.com /public_html/demo/minagarage/html/admin/plugins/select2 select2_locale_fr.js
2015.04.11 11:07 B D:\xampp\htdocs\projects\minagarage\html\admin\plugins\select2\select2_locale_fi.js --> connectivelinkstechnology.com /public_html/demo/minagarage/html/admin/plugins/select2 select2_locale_fi.js
2015.04.11 11:07 B D:\xampp\htdocs\projects\minagarage\html\admin\plugins\select2\select2_locale_fa.js --> connectivelinkstechnology.com /public_html/demo/minagarage/html/admin/plugins/select2 select2_locale_fa.js
2015.04.11 11:07 B D:\xampp\htdocs\projects\minagarage\html\admin\plugins\select2\select2_locale_eu.js --> connectivelinkstechnology.com /public_html/demo/minagarage/html/admin/plugins/select2 select2_locale_eu.js
2015.04.11 11:08 B D:\xampp\htdocs\projects\minagarage\html\admin\plugins\select2\select2_locale_et.js --> connectivelinkstechnology.com /public_html/demo/minagarage/html/admin/plugins/select2 select2_locale_et.js
2015.04.11 11:08 B D:\xampp\htdocs\projects\minagarage\html\admin\plugins\select2\select2_locale_es.js --> connectivelinkstechnology.com /public_html/demo/minagarage/html/admin/plugins/select2 select2_locale_es.js
2015.04.11 11:08 B D:\xampp\htdocs\projects\minagarage\html\admin\plugins\select2\select2_locale_en.js.template --> connectivelinkstechnology.com /public_html/demo/minagarage/html/admin/plugins/select2 select2_locale_en.js.template
2015.04.11 11:08 B D:\xampp\htdocs\projects\minagarage\html\admin\plugins\select2\select2_locale_el.js --> connectivelinkstechnology.com /public_html/demo/minagarage/html/admin/plugins/select2 select2_locale_el.js
2015.04.11 11:08 B D:\xampp\htdocs\projects\minagarage\html\admin\plugins\select2\select2_locale_de.js --> connectivelinkstechnology.com /public_html/demo/minagarage/html/admin/plugins/select2 select2_locale_de.js
2015.04.11 11:08 B D:\xampp\htdocs\projects\minagarage\html\admin\plugins\select2\select2_locale_da.js --> connectivelinkstechnology.com /public_html/demo/minagarage/html/admin/plugins/select2 select2_locale_da.js
2015.04.11 11:08 B D:\xampp\htdocs\projects\minagarage\html\admin\plugins\select2\select2_locale_cs.js --> connectivelinkstechnology.com /public_html/demo/minagarage/html/admin/plugins/select2 select2_locale_cs.js
2015.04.11 11:08 B D:\xampp\htdocs\projects\minagarage\html\admin\plugins\select2\select2_locale_ca.js --> connectivelinkstechnology.com /public_html/demo/minagarage/html/admin/plugins/select2 select2_locale_ca.js
2015.04.11 11:08 B D:\xampp\htdocs\projects\minagarage\html\admin\plugins\select2\select2_locale_bg.js --> connectivelinkstechnology.com /public_html/demo/minagarage/html/admin/plugins/select2 select2_locale_bg.js
2015.04.11 11:08 B D:\xampp\htdocs\projects\minagarage\html\admin\plugins\select2\select2_locale_az.js --> connectivelinkstechnology.com /public_html/demo/minagarage/html/admin/plugins/select2 select2_locale_az.js
2015.04.11 11:08 B D:\xampp\htdocs\projects\minagarage\html\admin\plugins\select2\select2_locale_ar.js --> connectivelinkstechnology.com /public_html/demo/minagarage/html/admin/plugins/select2 select2_locale_ar.js
2015.04.11 11:08 B D:\xampp\htdocs\projects\minagarage\html\admin\plugins\select2\select2.png --> connectivelinkstechnology.com /public_html/demo/minagarage/html/admin/plugins/select2 select2.png
2015.04.11 11:09 B D:\xampp\htdocs\projects\minagarage\html\admin\plugins\select2\select2.min.js --> connectivelinkstechnology.com /public_html/demo/minagarage/html/admin/plugins/select2 select2.min.js
2015.04.11 11:09 B D:\xampp\htdocs\projects\minagarage\html\admin\plugins\select2\select2.js --> connectivelinkstechnology.com /public_html/demo/minagarage/html/admin/plugins/select2 select2.js
2015.04.11 11:09 B D:\xampp\htdocs\projects\minagarage\html\admin\plugins\select2\select2.jquery.json --> connectivelinkstechnology.com /public_html/demo/minagarage/html/admin/plugins/select2 select2.jquery.json
2015.04.11 11:09 B D:\xampp\htdocs\projects\minagarage\html\admin\plugins\select2\select2.css --> connectivelinkstechnology.com /public_html/demo/minagarage/html/admin/plugins/select2 select2.css
2015.04.11 11:09 B D:\xampp\htdocs\projects\minagarage\html\admin\plugins\select2\select2-spinner.gif --> connectivelinkstechnology.com /public_html/demo/minagarage/html/admin/plugins/select2 select2-spinner.gif
2015.04.11 11:09 B D:\xampp\htdocs\projects\minagarage\html\admin\plugins\select2\select2-bootstrap.css --> connectivelinkstechnology.com /public_html/demo/minagarage/html/admin/plugins/select2 select2-bootstrap.css
2015.04.11 11:09 B D:\xampp\htdocs\projects\minagarage\html\admin\plugins\select2\release.sh --> connectivelinkstechnology.com /public_html/demo/minagarage/html/admin/plugins/select2 release.sh
2015.04.11 11:09 B D:\xampp\htdocs\projects\minagarage\html\admin\plugins\select2\README.md --> connectivelinkstechnology.com /public_html/demo/minagarage/html/admin/plugins/select2 README.md
2015.04.11 11:09 B D:\xampp\htdocs\projects\minagarage\html\admin\plugins\select2\package.json --> connectivelinkstechnology.com /public_html/demo/minagarage/html/admin/plugins/select2 package.json
2015.04.11 11:09 B D:\xampp\htdocs\projects\minagarage\html\admin\plugins\select2\LICENSE --> connectivelinkstechnology.com /public_html/demo/minagarage/html/admin/plugins/select2 LICENSE
2015.04.11 11:09 B D:\xampp\htdocs\projects\minagarage\html\admin\plugins\select2\composer.json --> connectivelinkstechnology.com /public_html/demo/minagarage/html/admin/plugins/select2 composer.json
2015.04.11 11:09 B D:\xampp\htdocs\projects\minagarage\html\admin\plugins\select2\component.json --> connectivelinkstechnology.com /public_html/demo/minagarage/html/admin/plugins/select2 component.json
2015.04.11 11:09 B D:\xampp\htdocs\projects\minagarage\html\admin\plugins\select2\bower.json --> connectivelinkstechnology.com /public_html/demo/minagarage/html/admin/plugins/select2 bower.json
