2015.08.21 14:38 B D:\xampp\htdocs\projects\global\html\lib\PHPMailer-master\language\phpmailer.lang-zh_cn.php --> global-uae.com /public_html/lib/PHPMailer-master/language phpmailer.lang-zh_cn.php
2015.08.21 14:38 B D:\xampp\htdocs\projects\global\html\lib\PHPMailer-master\language\phpmailer.lang-zh.php --> global-uae.com /public_html/lib/PHPMailer-master/language phpmailer.lang-zh.php
2015.08.21 14:38 B D:\xampp\htdocs\projects\global\html\lib\PHPMailer-master\language\phpmailer.lang-vi.php --> global-uae.com /public_html/lib/PHPMailer-master/language phpmailer.lang-vi.php
2015.08.21 14:38 B D:\xampp\htdocs\projects\global\html\lib\PHPMailer-master\language\phpmailer.lang-uk.php --> global-uae.com /public_html/lib/PHPMailer-master/language phpmailer.lang-uk.php
2015.08.21 14:38 B D:\xampp\htdocs\projects\global\html\lib\PHPMailer-master\language\phpmailer.lang-tr.php --> global-uae.com /public_html/lib/PHPMailer-master/language phpmailer.lang-tr.php
2015.08.21 14:38 B D:\xampp\htdocs\projects\global\html\lib\PHPMailer-master\language\phpmailer.lang-sr.php --> global-uae.com /public_html/lib/PHPMailer-master/language phpmailer.lang-sr.php
2015.08.21 14:38 B D:\xampp\htdocs\projects\global\html\lib\PHPMailer-master\language\phpmailer.lang-sl.php --> global-uae.com /public_html/lib/PHPMailer-master/language phpmailer.lang-sl.php
2015.08.21 14:38 B D:\xampp\htdocs\projects\global\html\lib\PHPMailer-master\language\phpmailer.lang-sk.php --> global-uae.com /public_html/lib/PHPMailer-master/language phpmailer.lang-sk.php
2015.08.21 14:38 B D:\xampp\htdocs\projects\global\html\lib\PHPMailer-master\language\phpmailer.lang-se.php --> global-uae.com /public_html/lib/PHPMailer-master/language phpmailer.lang-se.php
2015.08.21 14:38 B D:\xampp\htdocs\projects\global\html\lib\PHPMailer-master\language\phpmailer.lang-ru.php --> global-uae.com /public_html/lib/PHPMailer-master/language phpmailer.lang-ru.php
2015.08.21 14:38 B D:\xampp\htdocs\projects\global\html\lib\PHPMailer-master\language\phpmailer.lang-ro.php --> global-uae.com /public_html/lib/PHPMailer-master/language phpmailer.lang-ro.php
2015.08.21 14:38 B D:\xampp\htdocs\projects\global\html\lib\PHPMailer-master\language\phpmailer.lang-pt.php --> global-uae.com /public_html/lib/PHPMailer-master/language phpmailer.lang-pt.php
2015.08.21 14:38 B D:\xampp\htdocs\projects\global\html\lib\PHPMailer-master\language\phpmailer.lang-pl.php --> global-uae.com /public_html/lib/PHPMailer-master/language phpmailer.lang-pl.php
2015.08.21 14:38 B D:\xampp\htdocs\projects\global\html\lib\PHPMailer-master\language\phpmailer.lang-no.php --> global-uae.com /public_html/lib/PHPMailer-master/language phpmailer.lang-no.php
2015.08.21 14:38 B D:\xampp\htdocs\projects\global\html\lib\PHPMailer-master\language\phpmailer.lang-nl.php --> global-uae.com /public_html/lib/PHPMailer-master/language phpmailer.lang-nl.php
2015.08.21 14:38 B D:\xampp\htdocs\projects\global\html\lib\PHPMailer-master\language\phpmailer.lang-ms.php --> global-uae.com /public_html/lib/PHPMailer-master/language phpmailer.lang-ms.php
2015.08.21 14:38 B D:\xampp\htdocs\projects\global\html\lib\PHPMailer-master\language\phpmailer.lang-lv.php --> global-uae.com /public_html/lib/PHPMailer-master/language phpmailer.lang-lv.php
2015.08.21 14:39 B D:\xampp\htdocs\projects\global\html\lib\PHPMailer-master\language\phpmailer.lang-lt.php --> global-uae.com /public_html/lib/PHPMailer-master/language phpmailer.lang-lt.php
2015.08.21 14:39 B D:\xampp\htdocs\projects\global\html\lib\PHPMailer-master\language\phpmailer.lang-ko.php --> global-uae.com /public_html/lib/PHPMailer-master/language phpmailer.lang-ko.php
2015.08.21 14:39 B D:\xampp\htdocs\projects\global\html\lib\PHPMailer-master\language\phpmailer.lang-ka.php --> global-uae.com /public_html/lib/PHPMailer-master/language phpmailer.lang-ka.php
2015.08.21 14:39 B D:\xampp\htdocs\projects\global\html\lib\PHPMailer-master\language\phpmailer.lang-ja.php --> global-uae.com /public_html/lib/PHPMailer-master/language phpmailer.lang-ja.php
2015.08.21 14:39 B D:\xampp\htdocs\projects\global\html\lib\PHPMailer-master\language\phpmailer.lang-it.php --> global-uae.com /public_html/lib/PHPMailer-master/language phpmailer.lang-it.php
2015.08.21 14:39 B D:\xampp\htdocs\projects\global\html\lib\PHPMailer-master\language\phpmailer.lang-id.php --> global-uae.com /public_html/lib/PHPMailer-master/language phpmailer.lang-id.php
2015.08.21 14:39 B D:\xampp\htdocs\projects\global\html\lib\PHPMailer-master\language\phpmailer.lang-hu.php --> global-uae.com /public_html/lib/PHPMailer-master/language phpmailer.lang-hu.php
2015.08.21 14:39 B D:\xampp\htdocs\projects\global\html\lib\PHPMailer-master\language\phpmailer.lang-hr.php --> global-uae.com /public_html/lib/PHPMailer-master/language phpmailer.lang-hr.php
2015.08.21 14:39 B D:\xampp\htdocs\projects\global\html\lib\PHPMailer-master\language\phpmailer.lang-he.php --> global-uae.com /public_html/lib/PHPMailer-master/language phpmailer.lang-he.php
2015.08.21 14:39 B D:\xampp\htdocs\projects\global\html\lib\PHPMailer-master\language\phpmailer.lang-gl.php --> global-uae.com /public_html/lib/PHPMailer-master/language phpmailer.lang-gl.php
2015.08.21 14:39 B D:\xampp\htdocs\projects\global\html\lib\PHPMailer-master\language\phpmailer.lang-fr.php --> global-uae.com /public_html/lib/PHPMailer-master/language phpmailer.lang-fr.php
2015.08.21 14:39 B D:\xampp\htdocs\projects\global\html\lib\PHPMailer-master\language\phpmailer.lang-fo.php --> global-uae.com /public_html/lib/PHPMailer-master/language phpmailer.lang-fo.php
2015.08.21 14:39 B D:\xampp\htdocs\projects\global\html\lib\PHPMailer-master\language\phpmailer.lang-fi.php --> global-uae.com /public_html/lib/PHPMailer-master/language phpmailer.lang-fi.php
2015.08.21 14:39 B D:\xampp\htdocs\projects\global\html\lib\PHPMailer-master\language\phpmailer.lang-fa.php --> global-uae.com /public_html/lib/PHPMailer-master/language phpmailer.lang-fa.php
2015.08.21 14:39 B D:\xampp\htdocs\projects\global\html\lib\PHPMailer-master\language\phpmailer.lang-et.php --> global-uae.com /public_html/lib/PHPMailer-master/language phpmailer.lang-et.php
2015.08.21 14:39 B D:\xampp\htdocs\projects\global\html\lib\PHPMailer-master\language\phpmailer.lang-es.php --> global-uae.com /public_html/lib/PHPMailer-master/language phpmailer.lang-es.php
2015.08.21 14:39 B D:\xampp\htdocs\projects\global\html\lib\PHPMailer-master\language\phpmailer.lang-eo.php --> global-uae.com /public_html/lib/PHPMailer-master/language phpmailer.lang-eo.php
2015.08.21 14:39 B D:\xampp\htdocs\projects\global\html\lib\PHPMailer-master\language\phpmailer.lang-el.php --> global-uae.com /public_html/lib/PHPMailer-master/language phpmailer.lang-el.php
2015.08.21 14:39 B D:\xampp\htdocs\projects\global\html\lib\PHPMailer-master\language\phpmailer.lang-dk.php --> global-uae.com /public_html/lib/PHPMailer-master/language phpmailer.lang-dk.php
2015.08.21 14:39 B D:\xampp\htdocs\projects\global\html\lib\PHPMailer-master\language\phpmailer.lang-de.php --> global-uae.com /public_html/lib/PHPMailer-master/language phpmailer.lang-de.php
2015.08.21 14:39 B D:\xampp\htdocs\projects\global\html\lib\PHPMailer-master\language\phpmailer.lang-cz.php --> global-uae.com /public_html/lib/PHPMailer-master/language phpmailer.lang-cz.php
2015.08.21 14:39 B D:\xampp\htdocs\projects\global\html\lib\PHPMailer-master\language\phpmailer.lang-ch.php --> global-uae.com /public_html/lib/PHPMailer-master/language phpmailer.lang-ch.php
2015.08.21 14:39 B D:\xampp\htdocs\projects\global\html\lib\PHPMailer-master\language\phpmailer.lang-ca.php --> global-uae.com /public_html/lib/PHPMailer-master/language phpmailer.lang-ca.php
2015.08.21 14:39 B D:\xampp\htdocs\projects\global\html\lib\PHPMailer-master\language\phpmailer.lang-br.php --> global-uae.com /public_html/lib/PHPMailer-master/language phpmailer.lang-br.php
2015.08.21 14:39 B D:\xampp\htdocs\projects\global\html\lib\PHPMailer-master\language\phpmailer.lang-bg.php --> global-uae.com /public_html/lib/PHPMailer-master/language phpmailer.lang-bg.php
2015.08.21 14:39 B D:\xampp\htdocs\projects\global\html\lib\PHPMailer-master\language\phpmailer.lang-be.php --> global-uae.com /public_html/lib/PHPMailer-master/language phpmailer.lang-be.php
2015.08.21 14:39 B D:\xampp\htdocs\projects\global\html\lib\PHPMailer-master\language\phpmailer.lang-az.php --> global-uae.com /public_html/lib/PHPMailer-master/language phpmailer.lang-az.php
2015.08.21 14:39 B D:\xampp\htdocs\projects\global\html\lib\PHPMailer-master\language\phpmailer.lang-ar.php --> global-uae.com /public_html/lib/PHPMailer-master/language phpmailer.lang-ar.php
2015.08.21 14:39 B D:\xampp\htdocs\projects\global\html\lib\PHPMailer-master\language\phpmailer.lang-am.php --> global-uae.com /public_html/lib/PHPMailer-master/language phpmailer.lang-am.php
2015.12.16 18:35 B D:\xampp\htdocs\projects\bilva\lib\PHPMailer-master\language\phpmailer.lang-am.php --> ftp.bisedu.ae /lib/PHPMailer-master/language phpmailer.lang-am.php
2015.12.16 18:35 B D:\xampp\htdocs\projects\bilva\lib\PHPMailer-master\language\phpmailer.lang-ar.php --> ftp.bisedu.ae /lib/PHPMailer-master/language phpmailer.lang-ar.php
2015.12.16 18:35 B D:\xampp\htdocs\projects\bilva\lib\PHPMailer-master\language\phpmailer.lang-az.php --> ftp.bisedu.ae /lib/PHPMailer-master/language phpmailer.lang-az.php
2015.12.16 18:35 B D:\xampp\htdocs\projects\bilva\lib\PHPMailer-master\language\phpmailer.lang-be.php --> ftp.bisedu.ae /lib/PHPMailer-master/language phpmailer.lang-be.php
2015.12.16 18:35 B D:\xampp\htdocs\projects\bilva\lib\PHPMailer-master\language\phpmailer.lang-bg.php --> ftp.bisedu.ae /lib/PHPMailer-master/language phpmailer.lang-bg.php
2015.12.16 18:35 B D:\xampp\htdocs\projects\bilva\lib\PHPMailer-master\language\phpmailer.lang-br.php --> ftp.bisedu.ae /lib/PHPMailer-master/language phpmailer.lang-br.php
2015.12.16 18:35 B D:\xampp\htdocs\projects\bilva\lib\PHPMailer-master\language\phpmailer.lang-ca.php --> ftp.bisedu.ae /lib/PHPMailer-master/language phpmailer.lang-ca.php
2015.12.16 18:35 B D:\xampp\htdocs\projects\bilva\lib\PHPMailer-master\language\phpmailer.lang-ch.php --> ftp.bisedu.ae /lib/PHPMailer-master/language phpmailer.lang-ch.php
2015.12.16 18:35 B D:\xampp\htdocs\projects\bilva\lib\PHPMailer-master\language\phpmailer.lang-cz.php --> ftp.bisedu.ae /lib/PHPMailer-master/language phpmailer.lang-cz.php
2015.12.16 18:35 B D:\xampp\htdocs\projects\bilva\lib\PHPMailer-master\language\phpmailer.lang-de.php --> ftp.bisedu.ae /lib/PHPMailer-master/language phpmailer.lang-de.php
2015.12.16 18:35 B D:\xampp\htdocs\projects\bilva\lib\PHPMailer-master\language\phpmailer.lang-dk.php --> ftp.bisedu.ae /lib/PHPMailer-master/language phpmailer.lang-dk.php
2015.12.16 18:35 B D:\xampp\htdocs\projects\bilva\lib\PHPMailer-master\language\phpmailer.lang-el.php --> ftp.bisedu.ae /lib/PHPMailer-master/language phpmailer.lang-el.php
2015.12.16 18:35 B D:\xampp\htdocs\projects\bilva\lib\PHPMailer-master\language\phpmailer.lang-eo.php --> ftp.bisedu.ae /lib/PHPMailer-master/language phpmailer.lang-eo.php
2015.12.16 18:35 B D:\xampp\htdocs\projects\bilva\lib\PHPMailer-master\language\phpmailer.lang-es.php --> ftp.bisedu.ae /lib/PHPMailer-master/language phpmailer.lang-es.php
2015.12.16 18:35 B D:\xampp\htdocs\projects\bilva\lib\PHPMailer-master\language\phpmailer.lang-et.php --> ftp.bisedu.ae /lib/PHPMailer-master/language phpmailer.lang-et.php
2015.12.16 18:35 B D:\xampp\htdocs\projects\bilva\lib\PHPMailer-master\language\phpmailer.lang-fa.php --> ftp.bisedu.ae /lib/PHPMailer-master/language phpmailer.lang-fa.php
2015.12.16 18:35 B D:\xampp\htdocs\projects\bilva\lib\PHPMailer-master\language\phpmailer.lang-fi.php --> ftp.bisedu.ae /lib/PHPMailer-master/language phpmailer.lang-fi.php
2015.12.16 18:35 B D:\xampp\htdocs\projects\bilva\lib\PHPMailer-master\language\phpmailer.lang-fo.php --> ftp.bisedu.ae /lib/PHPMailer-master/language phpmailer.lang-fo.php
2015.12.16 18:35 B D:\xampp\htdocs\projects\bilva\lib\PHPMailer-master\language\phpmailer.lang-fr.php --> ftp.bisedu.ae /lib/PHPMailer-master/language phpmailer.lang-fr.php
2015.12.16 18:35 B D:\xampp\htdocs\projects\bilva\lib\PHPMailer-master\language\phpmailer.lang-gl.php --> ftp.bisedu.ae /lib/PHPMailer-master/language phpmailer.lang-gl.php
2015.12.16 18:35 B D:\xampp\htdocs\projects\bilva\lib\PHPMailer-master\language\phpmailer.lang-he.php --> ftp.bisedu.ae /lib/PHPMailer-master/language phpmailer.lang-he.php
2015.12.16 18:35 B D:\xampp\htdocs\projects\bilva\lib\PHPMailer-master\language\phpmailer.lang-hr.php --> ftp.bisedu.ae /lib/PHPMailer-master/language phpmailer.lang-hr.php
2015.12.16 18:35 B D:\xampp\htdocs\projects\bilva\lib\PHPMailer-master\language\phpmailer.lang-hu.php --> ftp.bisedu.ae /lib/PHPMailer-master/language phpmailer.lang-hu.php
2015.12.16 18:35 B D:\xampp\htdocs\projects\bilva\lib\PHPMailer-master\language\phpmailer.lang-id.php --> ftp.bisedu.ae /lib/PHPMailer-master/language phpmailer.lang-id.php
2015.12.16 18:35 B D:\xampp\htdocs\projects\bilva\lib\PHPMailer-master\language\phpmailer.lang-it.php --> ftp.bisedu.ae /lib/PHPMailer-master/language phpmailer.lang-it.php
2015.12.16 18:35 B D:\xampp\htdocs\projects\bilva\lib\PHPMailer-master\language\phpmailer.lang-ja.php --> ftp.bisedu.ae /lib/PHPMailer-master/language phpmailer.lang-ja.php
2015.12.16 18:35 B D:\xampp\htdocs\projects\bilva\lib\PHPMailer-master\language\phpmailer.lang-ka.php --> ftp.bisedu.ae /lib/PHPMailer-master/language phpmailer.lang-ka.php
2015.12.16 18:35 B D:\xampp\htdocs\projects\bilva\lib\PHPMailer-master\language\phpmailer.lang-ko.php --> ftp.bisedu.ae /lib/PHPMailer-master/language phpmailer.lang-ko.php
2015.12.16 18:35 B D:\xampp\htdocs\projects\bilva\lib\PHPMailer-master\language\phpmailer.lang-lt.php --> ftp.bisedu.ae /lib/PHPMailer-master/language phpmailer.lang-lt.php
2015.12.16 18:35 B D:\xampp\htdocs\projects\bilva\lib\PHPMailer-master\language\phpmailer.lang-lv.php --> ftp.bisedu.ae /lib/PHPMailer-master/language phpmailer.lang-lv.php
2015.12.16 18:35 B D:\xampp\htdocs\projects\bilva\lib\PHPMailer-master\language\phpmailer.lang-ms.php --> ftp.bisedu.ae /lib/PHPMailer-master/language phpmailer.lang-ms.php
2015.12.16 18:35 B D:\xampp\htdocs\projects\bilva\lib\PHPMailer-master\language\phpmailer.lang-nl.php --> ftp.bisedu.ae /lib/PHPMailer-master/language phpmailer.lang-nl.php
2015.12.16 18:35 B D:\xampp\htdocs\projects\bilva\lib\PHPMailer-master\language\phpmailer.lang-no.php --> ftp.bisedu.ae /lib/PHPMailer-master/language phpmailer.lang-no.php
2015.12.16 18:35 B D:\xampp\htdocs\projects\bilva\lib\PHPMailer-master\language\phpmailer.lang-pl.php --> ftp.bisedu.ae /lib/PHPMailer-master/language phpmailer.lang-pl.php
2015.12.16 18:35 B D:\xampp\htdocs\projects\bilva\lib\PHPMailer-master\language\phpmailer.lang-pt.php --> ftp.bisedu.ae /lib/PHPMailer-master/language phpmailer.lang-pt.php
2015.12.16 18:35 B D:\xampp\htdocs\projects\bilva\lib\PHPMailer-master\language\phpmailer.lang-ro.php --> ftp.bisedu.ae /lib/PHPMailer-master/language phpmailer.lang-ro.php
2015.12.16 18:36 B D:\xampp\htdocs\projects\bilva\lib\PHPMailer-master\language\phpmailer.lang-ru.php --> ftp.bisedu.ae /lib/PHPMailer-master/language phpmailer.lang-ru.php
2015.12.16 18:36 B D:\xampp\htdocs\projects\bilva\lib\PHPMailer-master\language\phpmailer.lang-se.php --> ftp.bisedu.ae /lib/PHPMailer-master/language phpmailer.lang-se.php
2015.12.16 18:36 B D:\xampp\htdocs\projects\bilva\lib\PHPMailer-master\language\phpmailer.lang-sk.php --> ftp.bisedu.ae /lib/PHPMailer-master/language phpmailer.lang-sk.php
2015.12.16 18:36 B D:\xampp\htdocs\projects\bilva\lib\PHPMailer-master\language\phpmailer.lang-sl.php --> ftp.bisedu.ae /lib/PHPMailer-master/language phpmailer.lang-sl.php
2015.12.16 18:36 B D:\xampp\htdocs\projects\bilva\lib\PHPMailer-master\language\phpmailer.lang-sr.php --> ftp.bisedu.ae /lib/PHPMailer-master/language phpmailer.lang-sr.php
2015.12.16 18:36 B D:\xampp\htdocs\projects\bilva\lib\PHPMailer-master\language\phpmailer.lang-tr.php --> ftp.bisedu.ae /lib/PHPMailer-master/language phpmailer.lang-tr.php
2015.12.16 18:36 B D:\xampp\htdocs\projects\bilva\lib\PHPMailer-master\language\phpmailer.lang-uk.php --> ftp.bisedu.ae /lib/PHPMailer-master/language phpmailer.lang-uk.php
2015.12.16 18:36 B D:\xampp\htdocs\projects\bilva\lib\PHPMailer-master\language\phpmailer.lang-vi.php --> ftp.bisedu.ae /lib/PHPMailer-master/language phpmailer.lang-vi.php
2015.12.16 18:36 B D:\xampp\htdocs\projects\bilva\lib\PHPMailer-master\language\phpmailer.lang-zh.php --> ftp.bisedu.ae /lib/PHPMailer-master/language phpmailer.lang-zh.php
2015.12.16 18:36 B D:\xampp\htdocs\projects\bilva\lib\PHPMailer-master\language\phpmailer.lang-zh_cn.php --> ftp.bisedu.ae /lib/PHPMailer-master/language phpmailer.lang-zh_cn.php
2015.12.16 18:36 B D:\xampp\htdocs\projects\bilva\lib\PHPMailer-master\language\WS_FTP.LOG --> ftp.bisedu.ae /lib/PHPMailer-master/language WS_FTP.LOG
