2015.04.01 23:33 B D:\xampp\htdocs\projects\dubairealestatepropertiesblog\admin_blog\img\8962691008_7f489395c9_m.jpg --> dubairealestateproperties.com /admin_blog/img 8962691008_7f489395c9_m.jpg
2015.04.01 23:33 B D:\xampp\htdocs\projects\dubairealestatepropertiesblog\admin_blog\img\8985207189_01ea27882d_m.jpg --> dubairealestateproperties.com /admin_blog/img 8985207189_01ea27882d_m.jpg
2015.04.01 23:34 B D:\xampp\htdocs\projects\dubairealestatepropertiesblog\admin_blog\img\9036958611_fa1bb7f827_m.jpg --> dubairealestateproperties.com /admin_blog/img 9036958611_fa1bb7f827_m.jpg
2015.04.01 23:34 B D:\xampp\htdocs\projects\dubairealestatepropertiesblog\admin_blog\img\9041440555_2175b32078_m.jpg --> dubairealestateproperties.com /admin_blog/img 9041440555_2175b32078_m.jpg
2015.04.01 23:34 B D:\xampp\htdocs\projects\dubairealestatepropertiesblog\admin_blog\img\avatar.jpg --> dubairealestateproperties.com /admin_blog/img avatar.jpg
2015.04.01 23:34 B D:\xampp\htdocs\projects\dubairealestatepropertiesblog\admin_blog\img\chevron-left.png --> dubairealestateproperties.com /admin_blog/img chevron-left.png
2015.04.01 23:34 B D:\xampp\htdocs\projects\dubairealestatepropertiesblog\admin_blog\img\chevron-right.png --> dubairealestateproperties.com /admin_blog/img chevron-right.png
2015.04.01 23:34 B D:\xampp\htdocs\projects\dubairealestatepropertiesblog\admin_blog\img\devoops_getdata.gif --> dubairealestateproperties.com /admin_blog/img devoops_getdata.gif
2015.04.01 23:34 B D:\xampp\htdocs\projects\dubairealestatepropertiesblog\admin_blog\img\devoops_pattern_b10.png --> dubairealestateproperties.com /admin_blog/img devoops_pattern_b10.png
2015.04.01 23:34 B D:\xampp\htdocs\projects\dubairealestatepropertiesblog\admin_blog\img\logo-200.png --> dubairealestateproperties.com /admin_blog/img logo-200.png
2015.04.01 23:34 B D:\xampp\htdocs\projects\dubairealestatepropertiesblog\admin_blog\img\logo.png --> dubairealestateproperties.com /admin_blog/img logo.png
2015.04.01 23:34 B D:\xampp\htdocs\projects\dubairealestatepropertiesblog\admin_blog\img\sort-asc.png --> dubairealestateproperties.com /admin_blog/img sort-asc.png
2015.04.01 23:34 B D:\xampp\htdocs\projects\dubairealestatepropertiesblog\admin_blog\img\sort-desc.png --> dubairealestateproperties.com /admin_blog/img sort-desc.png
2015.04.01 23:34 B D:\xampp\htdocs\projects\dubairealestatepropertiesblog\admin_blog\img\sort.png --> dubairealestateproperties.com /admin_blog/img sort.png
2015.04.01 23:34 B D:\xampp\htdocs\projects\dubairealestatepropertiesblog\admin_blog\img\times.png --> dubairealestateproperties.com /admin_blog/img times.png
2015.04.01 23:34 B D:\xampp\htdocs\projects\dubairealestatepropertiesblog\admin_blog\img\ui-accordion-down.png --> dubairealestateproperties.com /admin_blog/img ui-accordion-down.png
2015.04.01 23:34 B D:\xampp\htdocs\projects\dubairealestatepropertiesblog\admin_blog\img\ui-accordion-right.png --> dubairealestateproperties.com /admin_blog/img ui-accordion-right.png
2015.04.01 23:34 B D:\xampp\htdocs\projects\dubairealestatepropertiesblog\admin_blog\img\ui-left.png --> dubairealestateproperties.com /admin_blog/img ui-left.png
2015.04.01 23:34 B D:\xampp\htdocs\projects\dubairealestatepropertiesblog\admin_blog\img\ui-right.png --> dubairealestateproperties.com /admin_blog/img ui-right.png
2015.04.11 11:47 B D:\xampp\htdocs\projects\minagarage\html\admin\img\8962691008_7f489395c9_m.jpg --> connectivelinkstechnology.com /public_html/demo/minagarage/html/admin/img 8962691008_7f489395c9_m.jpg
2015.04.11 11:47 B D:\xampp\htdocs\projects\minagarage\html\admin\img\8985207189_01ea27882d_m.jpg --> connectivelinkstechnology.com /public_html/demo/minagarage/html/admin/img 8985207189_01ea27882d_m.jpg
2015.04.11 11:47 B D:\xampp\htdocs\projects\minagarage\html\admin\img\9036958611_fa1bb7f827_m.jpg --> connectivelinkstechnology.com /public_html/demo/minagarage/html/admin/img 9036958611_fa1bb7f827_m.jpg
2015.04.11 11:47 B D:\xampp\htdocs\projects\minagarage\html\admin\img\9041440555_2175b32078_m.jpg --> connectivelinkstechnology.com /public_html/demo/minagarage/html/admin/img 9041440555_2175b32078_m.jpg
2015.04.11 11:47 B D:\xampp\htdocs\projects\minagarage\html\admin\img\avatar.jpg --> connectivelinkstechnology.com /public_html/demo/minagarage/html/admin/img avatar.jpg
2015.04.11 11:47 B D:\xampp\htdocs\projects\minagarage\html\admin\img\chevron-left.png --> connectivelinkstechnology.com /public_html/demo/minagarage/html/admin/img chevron-left.png
2015.04.11 11:47 B D:\xampp\htdocs\projects\minagarage\html\admin\img\chevron-right.png --> connectivelinkstechnology.com /public_html/demo/minagarage/html/admin/img chevron-right.png
2015.04.11 11:47 B D:\xampp\htdocs\projects\minagarage\html\admin\img\devoops_getdata.gif --> connectivelinkstechnology.com /public_html/demo/minagarage/html/admin/img devoops_getdata.gif
2015.04.11 11:47 B D:\xampp\htdocs\projects\minagarage\html\admin\img\devoops_pattern_b10.png --> connectivelinkstechnology.com /public_html/demo/minagarage/html/admin/img devoops_pattern_b10.png
2015.04.11 11:48 B D:\xampp\htdocs\projects\minagarage\html\admin\img\logo-200.png --> connectivelinkstechnology.com /public_html/demo/minagarage/html/admin/img logo-200.png
2015.04.11 11:48 B D:\xampp\htdocs\projects\minagarage\html\admin\img\logo.png --> connectivelinkstechnology.com /public_html/demo/minagarage/html/admin/img logo.png
2015.04.11 11:48 B D:\xampp\htdocs\projects\minagarage\html\admin\img\sort-asc.png --> connectivelinkstechnology.com /public_html/demo/minagarage/html/admin/img sort-asc.png
2015.04.11 11:48 B D:\xampp\htdocs\projects\minagarage\html\admin\img\sort-desc.png --> connectivelinkstechnology.com /public_html/demo/minagarage/html/admin/img sort-desc.png
2015.04.11 11:48 B D:\xampp\htdocs\projects\minagarage\html\admin\img\sort.png --> connectivelinkstechnology.com /public_html/demo/minagarage/html/admin/img sort.png
2015.04.11 11:48 B D:\xampp\htdocs\projects\minagarage\html\admin\img\times.png --> connectivelinkstechnology.com /public_html/demo/minagarage/html/admin/img times.png
2015.04.11 11:48 B D:\xampp\htdocs\projects\minagarage\html\admin\img\ui-accordion-down.png --> connectivelinkstechnology.com /public_html/demo/minagarage/html/admin/img ui-accordion-down.png
2015.04.11 11:48 B D:\xampp\htdocs\projects\minagarage\html\admin\img\ui-accordion-right.png --> connectivelinkstechnology.com /public_html/demo/minagarage/html/admin/img ui-accordion-right.png
2015.04.11 11:48 B D:\xampp\htdocs\projects\minagarage\html\admin\img\ui-left.png --> connectivelinkstechnology.com /public_html/demo/minagarage/html/admin/img ui-left.png
2015.04.11 11:48 B D:\xampp\htdocs\projects\minagarage\html\admin\img\ui-right.png --> connectivelinkstechnology.com /public_html/demo/minagarage/html/admin/img ui-right.png
2015.04.11 11:48 B D:\xampp\htdocs\projects\minagarage\html\admin\img\WS_FTP.LOG --> connectivelinkstechnology.com /public_html/demo/minagarage/html/admin/img WS_FTP.LOG
