2015.04.02 00:13 B D:\xampp\htdocs\projects\dubairealestatepropertiesblog\admin_blog\plugins\jquery-ui\i18n\jquery-ui-i18n.min.js --> dubairealestateproperties.com /admin_blog/plugins/jquery-ui/i18n jquery-ui-i18n.min.js
2015.04.02 00:13 B D:\xampp\htdocs\projects\dubairealestatepropertiesblog\admin_blog\plugins\jquery-ui\i18n\jquery.ui.datepicker-af.min.js --> dubairealestateproperties.com /admin_blog/plugins/jquery-ui/i18n jquery.ui.datepicker-af.min.js
2015.04.02 00:13 B D:\xampp\htdocs\projects\dubairealestatepropertiesblog\admin_blog\plugins\jquery-ui\i18n\jquery.ui.datepicker-ar-DZ.min.js --> dubairealestateproperties.com /admin_blog/plugins/jquery-ui/i18n jquery.ui.datepicker-ar-DZ.min.js
2015.04.02 00:13 B D:\xampp\htdocs\projects\dubairealestatepropertiesblog\admin_blog\plugins\jquery-ui\i18n\jquery.ui.datepicker-ar.min.js --> dubairealestateproperties.com /admin_blog/plugins/jquery-ui/i18n jquery.ui.datepicker-ar.min.js
2015.04.02 00:13 B D:\xampp\htdocs\projects\dubairealestatepropertiesblog\admin_blog\plugins\jquery-ui\i18n\jquery.ui.datepicker-az.min.js --> dubairealestateproperties.com /admin_blog/plugins/jquery-ui/i18n jquery.ui.datepicker-az.min.js
2015.04.02 00:13 B D:\xampp\htdocs\projects\dubairealestatepropertiesblog\admin_blog\plugins\jquery-ui\i18n\jquery.ui.datepicker-be.min.js --> dubairealestateproperties.com /admin_blog/plugins/jquery-ui/i18n jquery.ui.datepicker-be.min.js
2015.04.02 00:13 B D:\xampp\htdocs\projects\dubairealestatepropertiesblog\admin_blog\plugins\jquery-ui\i18n\jquery.ui.datepicker-bg.min.js --> dubairealestateproperties.com /admin_blog/plugins/jquery-ui/i18n jquery.ui.datepicker-bg.min.js
2015.04.02 00:13 B D:\xampp\htdocs\projects\dubairealestatepropertiesblog\admin_blog\plugins\jquery-ui\i18n\jquery.ui.datepicker-bs.min.js --> dubairealestateproperties.com /admin_blog/plugins/jquery-ui/i18n jquery.ui.datepicker-bs.min.js
2015.04.02 00:13 B D:\xampp\htdocs\projects\dubairealestatepropertiesblog\admin_blog\plugins\jquery-ui\i18n\jquery.ui.datepicker-ca.min.js --> dubairealestateproperties.com /admin_blog/plugins/jquery-ui/i18n jquery.ui.datepicker-ca.min.js
2015.04.02 00:14 B D:\xampp\htdocs\projects\dubairealestatepropertiesblog\admin_blog\plugins\jquery-ui\i18n\jquery.ui.datepicker-cs.min.js --> dubairealestateproperties.com /admin_blog/plugins/jquery-ui/i18n jquery.ui.datepicker-cs.min.js
2015.04.02 00:14 B D:\xampp\htdocs\projects\dubairealestatepropertiesblog\admin_blog\plugins\jquery-ui\i18n\jquery.ui.datepicker-cy-GB.min.js --> dubairealestateproperties.com /admin_blog/plugins/jquery-ui/i18n jquery.ui.datepicker-cy-GB.min.js
2015.04.02 00:14 B D:\xampp\htdocs\projects\dubairealestatepropertiesblog\admin_blog\plugins\jquery-ui\i18n\jquery.ui.datepicker-da.min.js --> dubairealestateproperties.com /admin_blog/plugins/jquery-ui/i18n jquery.ui.datepicker-da.min.js
2015.04.02 00:14 B D:\xampp\htdocs\projects\dubairealestatepropertiesblog\admin_blog\plugins\jquery-ui\i18n\jquery.ui.datepicker-de.min.js --> dubairealestateproperties.com /admin_blog/plugins/jquery-ui/i18n jquery.ui.datepicker-de.min.js
2015.04.02 00:14 B D:\xampp\htdocs\projects\dubairealestatepropertiesblog\admin_blog\plugins\jquery-ui\i18n\jquery.ui.datepicker-el.min.js --> dubairealestateproperties.com /admin_blog/plugins/jquery-ui/i18n jquery.ui.datepicker-el.min.js
2015.04.02 00:14 B D:\xampp\htdocs\projects\dubairealestatepropertiesblog\admin_blog\plugins\jquery-ui\i18n\jquery.ui.datepicker-en-AU.min.js --> dubairealestateproperties.com /admin_blog/plugins/jquery-ui/i18n jquery.ui.datepicker-en-AU.min.js
2015.04.02 00:14 B D:\xampp\htdocs\projects\dubairealestatepropertiesblog\admin_blog\plugins\jquery-ui\i18n\jquery.ui.datepicker-en-GB.min.js --> dubairealestateproperties.com /admin_blog/plugins/jquery-ui/i18n jquery.ui.datepicker-en-GB.min.js
2015.04.02 00:14 B D:\xampp\htdocs\projects\dubairealestatepropertiesblog\admin_blog\plugins\jquery-ui\i18n\jquery.ui.datepicker-en-NZ.min.js --> dubairealestateproperties.com /admin_blog/plugins/jquery-ui/i18n jquery.ui.datepicker-en-NZ.min.js
2015.04.02 00:14 B D:\xampp\htdocs\projects\dubairealestatepropertiesblog\admin_blog\plugins\jquery-ui\i18n\jquery.ui.datepicker-eo.min.js --> dubairealestateproperties.com /admin_blog/plugins/jquery-ui/i18n jquery.ui.datepicker-eo.min.js
2015.04.02 00:14 B D:\xampp\htdocs\projects\dubairealestatepropertiesblog\admin_blog\plugins\jquery-ui\i18n\jquery.ui.datepicker-es.min.js --> dubairealestateproperties.com /admin_blog/plugins/jquery-ui/i18n jquery.ui.datepicker-es.min.js
2015.04.02 00:14 B D:\xampp\htdocs\projects\dubairealestatepropertiesblog\admin_blog\plugins\jquery-ui\i18n\jquery.ui.datepicker-et.min.js --> dubairealestateproperties.com /admin_blog/plugins/jquery-ui/i18n jquery.ui.datepicker-et.min.js
2015.04.02 00:14 B D:\xampp\htdocs\projects\dubairealestatepropertiesblog\admin_blog\plugins\jquery-ui\i18n\jquery.ui.datepicker-eu.min.js --> dubairealestateproperties.com /admin_blog/plugins/jquery-ui/i18n jquery.ui.datepicker-eu.min.js
2015.04.02 00:14 B D:\xampp\htdocs\projects\dubairealestatepropertiesblog\admin_blog\plugins\jquery-ui\i18n\jquery.ui.datepicker-fa.min.js --> dubairealestateproperties.com /admin_blog/plugins/jquery-ui/i18n jquery.ui.datepicker-fa.min.js
2015.04.02 00:14 B D:\xampp\htdocs\projects\dubairealestatepropertiesblog\admin_blog\plugins\jquery-ui\i18n\jquery.ui.datepicker-fi.min.js --> dubairealestateproperties.com /admin_blog/plugins/jquery-ui/i18n jquery.ui.datepicker-fi.min.js
2015.04.02 00:14 B D:\xampp\htdocs\projects\dubairealestatepropertiesblog\admin_blog\plugins\jquery-ui\i18n\jquery.ui.datepicker-fo.min.js --> dubairealestateproperties.com /admin_blog/plugins/jquery-ui/i18n jquery.ui.datepicker-fo.min.js
2015.04.02 00:14 B D:\xampp\htdocs\projects\dubairealestatepropertiesblog\admin_blog\plugins\jquery-ui\i18n\jquery.ui.datepicker-fr-CA.min.js --> dubairealestateproperties.com /admin_blog/plugins/jquery-ui/i18n jquery.ui.datepicker-fr-CA.min.js
2015.04.02 00:14 B D:\xampp\htdocs\projects\dubairealestatepropertiesblog\admin_blog\plugins\jquery-ui\i18n\jquery.ui.datepicker-fr-CH.min.js --> dubairealestateproperties.com /admin_blog/plugins/jquery-ui/i18n jquery.ui.datepicker-fr-CH.min.js
2015.04.02 00:14 B D:\xampp\htdocs\projects\dubairealestatepropertiesblog\admin_blog\plugins\jquery-ui\i18n\jquery.ui.datepicker-fr.min.js --> dubairealestateproperties.com /admin_blog/plugins/jquery-ui/i18n jquery.ui.datepicker-fr.min.js
2015.04.02 00:14 B D:\xampp\htdocs\projects\dubairealestatepropertiesblog\admin_blog\plugins\jquery-ui\i18n\jquery.ui.datepicker-gl.min.js --> dubairealestateproperties.com /admin_blog/plugins/jquery-ui/i18n jquery.ui.datepicker-gl.min.js
2015.04.02 00:14 B D:\xampp\htdocs\projects\dubairealestatepropertiesblog\admin_blog\plugins\jquery-ui\i18n\jquery.ui.datepicker-he.min.js --> dubairealestateproperties.com /admin_blog/plugins/jquery-ui/i18n jquery.ui.datepicker-he.min.js
2015.04.02 00:14 B D:\xampp\htdocs\projects\dubairealestatepropertiesblog\admin_blog\plugins\jquery-ui\i18n\jquery.ui.datepicker-hi.min.js --> dubairealestateproperties.com /admin_blog/plugins/jquery-ui/i18n jquery.ui.datepicker-hi.min.js
2015.04.02 00:14 B D:\xampp\htdocs\projects\dubairealestatepropertiesblog\admin_blog\plugins\jquery-ui\i18n\jquery.ui.datepicker-hr.min.js --> dubairealestateproperties.com /admin_blog/plugins/jquery-ui/i18n jquery.ui.datepicker-hr.min.js
2015.04.02 00:15 B D:\xampp\htdocs\projects\dubairealestatepropertiesblog\admin_blog\plugins\jquery-ui\i18n\jquery.ui.datepicker-hu.min.js --> dubairealestateproperties.com /admin_blog/plugins/jquery-ui/i18n jquery.ui.datepicker-hu.min.js
2015.04.02 00:15 B D:\xampp\htdocs\projects\dubairealestatepropertiesblog\admin_blog\plugins\jquery-ui\i18n\jquery.ui.datepicker-hy.min.js --> dubairealestateproperties.com /admin_blog/plugins/jquery-ui/i18n jquery.ui.datepicker-hy.min.js
2015.04.02 00:15 B D:\xampp\htdocs\projects\dubairealestatepropertiesblog\admin_blog\plugins\jquery-ui\i18n\jquery.ui.datepicker-id.min.js --> dubairealestateproperties.com /admin_blog/plugins/jquery-ui/i18n jquery.ui.datepicker-id.min.js
2015.04.02 00:15 B D:\xampp\htdocs\projects\dubairealestatepropertiesblog\admin_blog\plugins\jquery-ui\i18n\jquery.ui.datepicker-is.min.js --> dubairealestateproperties.com /admin_blog/plugins/jquery-ui/i18n jquery.ui.datepicker-is.min.js
2015.04.02 00:15 B D:\xampp\htdocs\projects\dubairealestatepropertiesblog\admin_blog\plugins\jquery-ui\i18n\jquery.ui.datepicker-it.min.js --> dubairealestateproperties.com /admin_blog/plugins/jquery-ui/i18n jquery.ui.datepicker-it.min.js
2015.04.02 00:15 B D:\xampp\htdocs\projects\dubairealestatepropertiesblog\admin_blog\plugins\jquery-ui\i18n\jquery.ui.datepicker-ja.min.js --> dubairealestateproperties.com /admin_blog/plugins/jquery-ui/i18n jquery.ui.datepicker-ja.min.js
2015.04.02 00:15 B D:\xampp\htdocs\projects\dubairealestatepropertiesblog\admin_blog\plugins\jquery-ui\i18n\jquery.ui.datepicker-ka.min.js --> dubairealestateproperties.com /admin_blog/plugins/jquery-ui/i18n jquery.ui.datepicker-ka.min.js
2015.04.02 00:15 B D:\xampp\htdocs\projects\dubairealestatepropertiesblog\admin_blog\plugins\jquery-ui\i18n\jquery.ui.datepicker-kk.min.js --> dubairealestateproperties.com /admin_blog/plugins/jquery-ui/i18n jquery.ui.datepicker-kk.min.js
2015.04.02 00:15 B D:\xampp\htdocs\projects\dubairealestatepropertiesblog\admin_blog\plugins\jquery-ui\i18n\jquery.ui.datepicker-km.min.js --> dubairealestateproperties.com /admin_blog/plugins/jquery-ui/i18n jquery.ui.datepicker-km.min.js
2015.04.02 00:15 B D:\xampp\htdocs\projects\dubairealestatepropertiesblog\admin_blog\plugins\jquery-ui\i18n\jquery.ui.datepicker-ko.min.js --> dubairealestateproperties.com /admin_blog/plugins/jquery-ui/i18n jquery.ui.datepicker-ko.min.js
2015.04.02 00:15 B D:\xampp\htdocs\projects\dubairealestatepropertiesblog\admin_blog\plugins\jquery-ui\i18n\jquery.ui.datepicker-ky.min.js --> dubairealestateproperties.com /admin_blog/plugins/jquery-ui/i18n jquery.ui.datepicker-ky.min.js
2015.04.02 00:15 B D:\xampp\htdocs\projects\dubairealestatepropertiesblog\admin_blog\plugins\jquery-ui\i18n\jquery.ui.datepicker-lb.min.js --> dubairealestateproperties.com /admin_blog/plugins/jquery-ui/i18n jquery.ui.datepicker-lb.min.js
2015.04.02 00:15 B D:\xampp\htdocs\projects\dubairealestatepropertiesblog\admin_blog\plugins\jquery-ui\i18n\jquery.ui.datepicker-lt.min.js --> dubairealestateproperties.com /admin_blog/plugins/jquery-ui/i18n jquery.ui.datepicker-lt.min.js
2015.04.02 00:15 B D:\xampp\htdocs\projects\dubairealestatepropertiesblog\admin_blog\plugins\jquery-ui\i18n\jquery.ui.datepicker-lv.min.js --> dubairealestateproperties.com /admin_blog/plugins/jquery-ui/i18n jquery.ui.datepicker-lv.min.js
2015.04.02 00:15 B D:\xampp\htdocs\projects\dubairealestatepropertiesblog\admin_blog\plugins\jquery-ui\i18n\jquery.ui.datepicker-mk.min.js --> dubairealestateproperties.com /admin_blog/plugins/jquery-ui/i18n jquery.ui.datepicker-mk.min.js
2015.04.02 00:15 B D:\xampp\htdocs\projects\dubairealestatepropertiesblog\admin_blog\plugins\jquery-ui\i18n\jquery.ui.datepicker-ml.min.js --> dubairealestateproperties.com /admin_blog/plugins/jquery-ui/i18n jquery.ui.datepicker-ml.min.js
2015.04.02 00:15 B D:\xampp\htdocs\projects\dubairealestatepropertiesblog\admin_blog\plugins\jquery-ui\i18n\jquery.ui.datepicker-ms.min.js --> dubairealestateproperties.com /admin_blog/plugins/jquery-ui/i18n jquery.ui.datepicker-ms.min.js
2015.04.02 00:15 B D:\xampp\htdocs\projects\dubairealestatepropertiesblog\admin_blog\plugins\jquery-ui\i18n\jquery.ui.datepicker-nb.min.js --> dubairealestateproperties.com /admin_blog/plugins/jquery-ui/i18n jquery.ui.datepicker-nb.min.js
2015.04.02 00:15 B D:\xampp\htdocs\projects\dubairealestatepropertiesblog\admin_blog\plugins\jquery-ui\i18n\jquery.ui.datepicker-nl-BE.min.js --> dubairealestateproperties.com /admin_blog/plugins/jquery-ui/i18n jquery.ui.datepicker-nl-BE.min.js
2015.04.02 00:15 B D:\xampp\htdocs\projects\dubairealestatepropertiesblog\admin_blog\plugins\jquery-ui\i18n\jquery.ui.datepicker-nl.min.js --> dubairealestateproperties.com /admin_blog/plugins/jquery-ui/i18n jquery.ui.datepicker-nl.min.js
2015.04.02 00:15 B D:\xampp\htdocs\projects\dubairealestatepropertiesblog\admin_blog\plugins\jquery-ui\i18n\jquery.ui.datepicker-nn.min.js --> dubairealestateproperties.com /admin_blog/plugins/jquery-ui/i18n jquery.ui.datepicker-nn.min.js
2015.04.02 00:15 B D:\xampp\htdocs\projects\dubairealestatepropertiesblog\admin_blog\plugins\jquery-ui\i18n\jquery.ui.datepicker-no.min.js --> dubairealestateproperties.com /admin_blog/plugins/jquery-ui/i18n jquery.ui.datepicker-no.min.js
2015.04.02 00:15 B D:\xampp\htdocs\projects\dubairealestatepropertiesblog\admin_blog\plugins\jquery-ui\i18n\jquery.ui.datepicker-pl.min.js --> dubairealestateproperties.com /admin_blog/plugins/jquery-ui/i18n jquery.ui.datepicker-pl.min.js
2015.04.02 00:15 B D:\xampp\htdocs\projects\dubairealestatepropertiesblog\admin_blog\plugins\jquery-ui\i18n\jquery.ui.datepicker-pt-BR.min.js --> dubairealestateproperties.com /admin_blog/plugins/jquery-ui/i18n jquery.ui.datepicker-pt-BR.min.js
2015.04.02 00:15 B D:\xampp\htdocs\projects\dubairealestatepropertiesblog\admin_blog\plugins\jquery-ui\i18n\jquery.ui.datepicker-pt.min.js --> dubairealestateproperties.com /admin_blog/plugins/jquery-ui/i18n jquery.ui.datepicker-pt.min.js
2015.04.02 00:15 B D:\xampp\htdocs\projects\dubairealestatepropertiesblog\admin_blog\plugins\jquery-ui\i18n\jquery.ui.datepicker-rm.min.js --> dubairealestateproperties.com /admin_blog/plugins/jquery-ui/i18n jquery.ui.datepicker-rm.min.js
2015.04.02 00:15 B D:\xampp\htdocs\projects\dubairealestatepropertiesblog\admin_blog\plugins\jquery-ui\i18n\jquery.ui.datepicker-ro.min.js --> dubairealestateproperties.com /admin_blog/plugins/jquery-ui/i18n jquery.ui.datepicker-ro.min.js
2015.04.02 00:15 B D:\xampp\htdocs\projects\dubairealestatepropertiesblog\admin_blog\plugins\jquery-ui\i18n\jquery.ui.datepicker-ru.min.js --> dubairealestateproperties.com /admin_blog/plugins/jquery-ui/i18n jquery.ui.datepicker-ru.min.js
2015.04.02 00:15 B D:\xampp\htdocs\projects\dubairealestatepropertiesblog\admin_blog\plugins\jquery-ui\i18n\jquery.ui.datepicker-sk.min.js --> dubairealestateproperties.com /admin_blog/plugins/jquery-ui/i18n jquery.ui.datepicker-sk.min.js
2015.04.02 00:15 B D:\xampp\htdocs\projects\dubairealestatepropertiesblog\admin_blog\plugins\jquery-ui\i18n\jquery.ui.datepicker-sl.min.js --> dubairealestateproperties.com /admin_blog/plugins/jquery-ui/i18n jquery.ui.datepicker-sl.min.js
2015.04.02 00:15 B D:\xampp\htdocs\projects\dubairealestatepropertiesblog\admin_blog\plugins\jquery-ui\i18n\jquery.ui.datepicker-sq.min.js --> dubairealestateproperties.com /admin_blog/plugins/jquery-ui/i18n jquery.ui.datepicker-sq.min.js
2015.04.02 00:15 B D:\xampp\htdocs\projects\dubairealestatepropertiesblog\admin_blog\plugins\jquery-ui\i18n\jquery.ui.datepicker-sr-SR.min.js --> dubairealestateproperties.com /admin_blog/plugins/jquery-ui/i18n jquery.ui.datepicker-sr-SR.min.js
2015.04.02 00:15 B D:\xampp\htdocs\projects\dubairealestatepropertiesblog\admin_blog\plugins\jquery-ui\i18n\jquery.ui.datepicker-sr.min.js --> dubairealestateproperties.com /admin_blog/plugins/jquery-ui/i18n jquery.ui.datepicker-sr.min.js
2015.04.02 00:15 B D:\xampp\htdocs\projects\dubairealestatepropertiesblog\admin_blog\plugins\jquery-ui\i18n\jquery.ui.datepicker-sv.min.js --> dubairealestateproperties.com /admin_blog/plugins/jquery-ui/i18n jquery.ui.datepicker-sv.min.js
2015.04.02 00:15 B D:\xampp\htdocs\projects\dubairealestatepropertiesblog\admin_blog\plugins\jquery-ui\i18n\jquery.ui.datepicker-ta.min.js --> dubairealestateproperties.com /admin_blog/plugins/jquery-ui/i18n jquery.ui.datepicker-ta.min.js
2015.04.02 00:16 B D:\xampp\htdocs\projects\dubairealestatepropertiesblog\admin_blog\plugins\jquery-ui\i18n\jquery.ui.datepicker-th.min.js --> dubairealestateproperties.com /admin_blog/plugins/jquery-ui/i18n jquery.ui.datepicker-th.min.js
2015.04.02 00:16 B D:\xampp\htdocs\projects\dubairealestatepropertiesblog\admin_blog\plugins\jquery-ui\i18n\jquery.ui.datepicker-tj.min.js --> dubairealestateproperties.com /admin_blog/plugins/jquery-ui/i18n jquery.ui.datepicker-tj.min.js
2015.04.02 00:16 B D:\xampp\htdocs\projects\dubairealestatepropertiesblog\admin_blog\plugins\jquery-ui\i18n\jquery.ui.datepicker-tr.min.js --> dubairealestateproperties.com /admin_blog/plugins/jquery-ui/i18n jquery.ui.datepicker-tr.min.js
2015.04.02 00:16 B D:\xampp\htdocs\projects\dubairealestatepropertiesblog\admin_blog\plugins\jquery-ui\i18n\jquery.ui.datepicker-uk.min.js --> dubairealestateproperties.com /admin_blog/plugins/jquery-ui/i18n jquery.ui.datepicker-uk.min.js
2015.04.02 00:16 B D:\xampp\htdocs\projects\dubairealestatepropertiesblog\admin_blog\plugins\jquery-ui\i18n\jquery.ui.datepicker-vi.min.js --> dubairealestateproperties.com /admin_blog/plugins/jquery-ui/i18n jquery.ui.datepicker-vi.min.js
2015.04.02 00:16 B D:\xampp\htdocs\projects\dubairealestatepropertiesblog\admin_blog\plugins\jquery-ui\i18n\jquery.ui.datepicker-zh-CN.min.js --> dubairealestateproperties.com /admin_blog/plugins/jquery-ui/i18n jquery.ui.datepicker-zh-CN.min.js
2015.04.02 00:16 B D:\xampp\htdocs\projects\dubairealestatepropertiesblog\admin_blog\plugins\jquery-ui\i18n\jquery.ui.datepicker-zh-HK.min.js --> dubairealestateproperties.com /admin_blog/plugins/jquery-ui/i18n jquery.ui.datepicker-zh-HK.min.js
2015.04.02 00:16 B D:\xampp\htdocs\projects\dubairealestatepropertiesblog\admin_blog\plugins\jquery-ui\i18n\jquery.ui.datepicker-zh-TW.min.js --> dubairealestateproperties.com /admin_blog/plugins/jquery-ui/i18n jquery.ui.datepicker-zh-TW.min.js
