2015.04.02 00:18 B D:\xampp\htdocs\projects\dubairealestatepropertiesblog\admin_blog\plugins\jquery-ui-timepicker-addon\i18n\jquery-ui-timepicker-addon-i18n.js --> dubairealestateproperties.com /admin_blog/plugins/jquery-ui-timepicker-addon/i18n jquery-ui-timepicker-addon-i18n.js
2015.04.02 00:18 B D:\xampp\htdocs\projects\dubairealestatepropertiesblog\admin_blog\plugins\jquery-ui-timepicker-addon\i18n\jquery-ui-timepicker-addon-i18n.min.js --> dubairealestateproperties.com /admin_blog/plugins/jquery-ui-timepicker-addon/i18n jquery-ui-timepicker-addon-i18n.min.js
2015.04.02 00:18 B D:\xampp\htdocs\projects\dubairealestatepropertiesblog\admin_blog\plugins\jquery-ui-timepicker-addon\i18n\jquery-ui-timepicker-af.js --> dubairealestateproperties.com /admin_blog/plugins/jquery-ui-timepicker-addon/i18n jquery-ui-timepicker-af.js
2015.04.02 00:18 B D:\xampp\htdocs\projects\dubairealestatepropertiesblog\admin_blog\plugins\jquery-ui-timepicker-addon\i18n\jquery-ui-timepicker-am.js --> dubairealestateproperties.com /admin_blog/plugins/jquery-ui-timepicker-addon/i18n jquery-ui-timepicker-am.js
2015.04.02 00:18 B D:\xampp\htdocs\projects\dubairealestatepropertiesblog\admin_blog\plugins\jquery-ui-timepicker-addon\i18n\jquery-ui-timepicker-bg.js --> dubairealestateproperties.com /admin_blog/plugins/jquery-ui-timepicker-addon/i18n jquery-ui-timepicker-bg.js
2015.04.02 00:18 B D:\xampp\htdocs\projects\dubairealestatepropertiesblog\admin_blog\plugins\jquery-ui-timepicker-addon\i18n\jquery-ui-timepicker-ca.js --> dubairealestateproperties.com /admin_blog/plugins/jquery-ui-timepicker-addon/i18n jquery-ui-timepicker-ca.js
2015.04.02 00:18 B D:\xampp\htdocs\projects\dubairealestatepropertiesblog\admin_blog\plugins\jquery-ui-timepicker-addon\i18n\jquery-ui-timepicker-cs.js --> dubairealestateproperties.com /admin_blog/plugins/jquery-ui-timepicker-addon/i18n jquery-ui-timepicker-cs.js
2015.04.02 00:18 B D:\xampp\htdocs\projects\dubairealestatepropertiesblog\admin_blog\plugins\jquery-ui-timepicker-addon\i18n\jquery-ui-timepicker-da.js --> dubairealestateproperties.com /admin_blog/plugins/jquery-ui-timepicker-addon/i18n jquery-ui-timepicker-da.js
2015.04.02 00:18 B D:\xampp\htdocs\projects\dubairealestatepropertiesblog\admin_blog\plugins\jquery-ui-timepicker-addon\i18n\jquery-ui-timepicker-de.js --> dubairealestateproperties.com /admin_blog/plugins/jquery-ui-timepicker-addon/i18n jquery-ui-timepicker-de.js
2015.04.02 00:18 B D:\xampp\htdocs\projects\dubairealestatepropertiesblog\admin_blog\plugins\jquery-ui-timepicker-addon\i18n\jquery-ui-timepicker-el.js --> dubairealestateproperties.com /admin_blog/plugins/jquery-ui-timepicker-addon/i18n jquery-ui-timepicker-el.js
2015.04.02 00:18 B D:\xampp\htdocs\projects\dubairealestatepropertiesblog\admin_blog\plugins\jquery-ui-timepicker-addon\i18n\jquery-ui-timepicker-es.js --> dubairealestateproperties.com /admin_blog/plugins/jquery-ui-timepicker-addon/i18n jquery-ui-timepicker-es.js
2015.04.02 00:18 B D:\xampp\htdocs\projects\dubairealestatepropertiesblog\admin_blog\plugins\jquery-ui-timepicker-addon\i18n\jquery-ui-timepicker-et.js --> dubairealestateproperties.com /admin_blog/plugins/jquery-ui-timepicker-addon/i18n jquery-ui-timepicker-et.js
2015.04.02 00:18 B D:\xampp\htdocs\projects\dubairealestatepropertiesblog\admin_blog\plugins\jquery-ui-timepicker-addon\i18n\jquery-ui-timepicker-eu.js --> dubairealestateproperties.com /admin_blog/plugins/jquery-ui-timepicker-addon/i18n jquery-ui-timepicker-eu.js
2015.04.02 00:18 B D:\xampp\htdocs\projects\dubairealestatepropertiesblog\admin_blog\plugins\jquery-ui-timepicker-addon\i18n\jquery-ui-timepicker-fi.js --> dubairealestateproperties.com /admin_blog/plugins/jquery-ui-timepicker-addon/i18n jquery-ui-timepicker-fi.js
2015.04.02 00:18 B D:\xampp\htdocs\projects\dubairealestatepropertiesblog\admin_blog\plugins\jquery-ui-timepicker-addon\i18n\jquery-ui-timepicker-fr.js --> dubairealestateproperties.com /admin_blog/plugins/jquery-ui-timepicker-addon/i18n jquery-ui-timepicker-fr.js
2015.04.02 00:18 B D:\xampp\htdocs\projects\dubairealestatepropertiesblog\admin_blog\plugins\jquery-ui-timepicker-addon\i18n\jquery-ui-timepicker-gl.js --> dubairealestateproperties.com /admin_blog/plugins/jquery-ui-timepicker-addon/i18n jquery-ui-timepicker-gl.js
2015.04.02 00:18 B D:\xampp\htdocs\projects\dubairealestatepropertiesblog\admin_blog\plugins\jquery-ui-timepicker-addon\i18n\jquery-ui-timepicker-he.js --> dubairealestateproperties.com /admin_blog/plugins/jquery-ui-timepicker-addon/i18n jquery-ui-timepicker-he.js
2015.04.02 00:18 B D:\xampp\htdocs\projects\dubairealestatepropertiesblog\admin_blog\plugins\jquery-ui-timepicker-addon\i18n\jquery-ui-timepicker-hr.js --> dubairealestateproperties.com /admin_blog/plugins/jquery-ui-timepicker-addon/i18n jquery-ui-timepicker-hr.js
2015.04.02 00:18 B D:\xampp\htdocs\projects\dubairealestatepropertiesblog\admin_blog\plugins\jquery-ui-timepicker-addon\i18n\jquery-ui-timepicker-hu.js --> dubairealestateproperties.com /admin_blog/plugins/jquery-ui-timepicker-addon/i18n jquery-ui-timepicker-hu.js
2015.04.02 00:18 B D:\xampp\htdocs\projects\dubairealestatepropertiesblog\admin_blog\plugins\jquery-ui-timepicker-addon\i18n\jquery-ui-timepicker-id.js --> dubairealestateproperties.com /admin_blog/plugins/jquery-ui-timepicker-addon/i18n jquery-ui-timepicker-id.js
2015.04.02 00:19 B D:\xampp\htdocs\projects\dubairealestatepropertiesblog\admin_blog\plugins\jquery-ui-timepicker-addon\i18n\jquery-ui-timepicker-it.js --> dubairealestateproperties.com /admin_blog/plugins/jquery-ui-timepicker-addon/i18n jquery-ui-timepicker-it.js
2015.04.02 00:19 B D:\xampp\htdocs\projects\dubairealestatepropertiesblog\admin_blog\plugins\jquery-ui-timepicker-addon\i18n\jquery-ui-timepicker-ja.js --> dubairealestateproperties.com /admin_blog/plugins/jquery-ui-timepicker-addon/i18n jquery-ui-timepicker-ja.js
2015.04.02 00:19 B D:\xampp\htdocs\projects\dubairealestatepropertiesblog\admin_blog\plugins\jquery-ui-timepicker-addon\i18n\jquery-ui-timepicker-ko.js --> dubairealestateproperties.com /admin_blog/plugins/jquery-ui-timepicker-addon/i18n jquery-ui-timepicker-ko.js
2015.04.02 00:19 B D:\xampp\htdocs\projects\dubairealestatepropertiesblog\admin_blog\plugins\jquery-ui-timepicker-addon\i18n\jquery-ui-timepicker-lt.js --> dubairealestateproperties.com /admin_blog/plugins/jquery-ui-timepicker-addon/i18n jquery-ui-timepicker-lt.js
2015.04.02 00:19 B D:\xampp\htdocs\projects\dubairealestatepropertiesblog\admin_blog\plugins\jquery-ui-timepicker-addon\i18n\jquery-ui-timepicker-nl.js --> dubairealestateproperties.com /admin_blog/plugins/jquery-ui-timepicker-addon/i18n jquery-ui-timepicker-nl.js
2015.04.02 00:19 B D:\xampp\htdocs\projects\dubairealestatepropertiesblog\admin_blog\plugins\jquery-ui-timepicker-addon\i18n\jquery-ui-timepicker-no.js --> dubairealestateproperties.com /admin_blog/plugins/jquery-ui-timepicker-addon/i18n jquery-ui-timepicker-no.js
2015.04.02 00:19 B D:\xampp\htdocs\projects\dubairealestatepropertiesblog\admin_blog\plugins\jquery-ui-timepicker-addon\i18n\jquery-ui-timepicker-pl.js --> dubairealestateproperties.com /admin_blog/plugins/jquery-ui-timepicker-addon/i18n jquery-ui-timepicker-pl.js
2015.04.02 00:19 B D:\xampp\htdocs\projects\dubairealestatepropertiesblog\admin_blog\plugins\jquery-ui-timepicker-addon\i18n\jquery-ui-timepicker-pt-BR.js --> dubairealestateproperties.com /admin_blog/plugins/jquery-ui-timepicker-addon/i18n jquery-ui-timepicker-pt-BR.js
2015.04.02 00:19 B D:\xampp\htdocs\projects\dubairealestatepropertiesblog\admin_blog\plugins\jquery-ui-timepicker-addon\i18n\jquery-ui-timepicker-pt.js --> dubairealestateproperties.com /admin_blog/plugins/jquery-ui-timepicker-addon/i18n jquery-ui-timepicker-pt.js
2015.04.02 00:19 B D:\xampp\htdocs\projects\dubairealestatepropertiesblog\admin_blog\plugins\jquery-ui-timepicker-addon\i18n\jquery-ui-timepicker-ro.js --> dubairealestateproperties.com /admin_blog/plugins/jquery-ui-timepicker-addon/i18n jquery-ui-timepicker-ro.js
2015.04.02 00:19 B D:\xampp\htdocs\projects\dubairealestatepropertiesblog\admin_blog\plugins\jquery-ui-timepicker-addon\i18n\jquery-ui-timepicker-ru.js --> dubairealestateproperties.com /admin_blog/plugins/jquery-ui-timepicker-addon/i18n jquery-ui-timepicker-ru.js
2015.04.02 00:19 B D:\xampp\htdocs\projects\dubairealestatepropertiesblog\admin_blog\plugins\jquery-ui-timepicker-addon\i18n\jquery-ui-timepicker-sk.js --> dubairealestateproperties.com /admin_blog/plugins/jquery-ui-timepicker-addon/i18n jquery-ui-timepicker-sk.js
2015.04.02 00:19 B D:\xampp\htdocs\projects\dubairealestatepropertiesblog\admin_blog\plugins\jquery-ui-timepicker-addon\i18n\jquery-ui-timepicker-sl.js --> dubairealestateproperties.com /admin_blog/plugins/jquery-ui-timepicker-addon/i18n jquery-ui-timepicker-sl.js
2015.04.02 00:19 B D:\xampp\htdocs\projects\dubairealestatepropertiesblog\admin_blog\plugins\jquery-ui-timepicker-addon\i18n\jquery-ui-timepicker-sr-RS.js --> dubairealestateproperties.com /admin_blog/plugins/jquery-ui-timepicker-addon/i18n jquery-ui-timepicker-sr-RS.js
2015.04.02 00:19 B D:\xampp\htdocs\projects\dubairealestatepropertiesblog\admin_blog\plugins\jquery-ui-timepicker-addon\i18n\jquery-ui-timepicker-sr-YU.js --> dubairealestateproperties.com /admin_blog/plugins/jquery-ui-timepicker-addon/i18n jquery-ui-timepicker-sr-YU.js
2015.04.02 00:19 B D:\xampp\htdocs\projects\dubairealestatepropertiesblog\admin_blog\plugins\jquery-ui-timepicker-addon\i18n\jquery-ui-timepicker-sv.js --> dubairealestateproperties.com /admin_blog/plugins/jquery-ui-timepicker-addon/i18n jquery-ui-timepicker-sv.js
2015.04.02 00:19 B D:\xampp\htdocs\projects\dubairealestatepropertiesblog\admin_blog\plugins\jquery-ui-timepicker-addon\i18n\jquery-ui-timepicker-th.js --> dubairealestateproperties.com /admin_blog/plugins/jquery-ui-timepicker-addon/i18n jquery-ui-timepicker-th.js
2015.04.02 00:19 B D:\xampp\htdocs\projects\dubairealestatepropertiesblog\admin_blog\plugins\jquery-ui-timepicker-addon\i18n\jquery-ui-timepicker-tr.js --> dubairealestateproperties.com /admin_blog/plugins/jquery-ui-timepicker-addon/i18n jquery-ui-timepicker-tr.js
2015.04.02 00:19 B D:\xampp\htdocs\projects\dubairealestatepropertiesblog\admin_blog\plugins\jquery-ui-timepicker-addon\i18n\jquery-ui-timepicker-uk.js --> dubairealestateproperties.com /admin_blog/plugins/jquery-ui-timepicker-addon/i18n jquery-ui-timepicker-uk.js
2015.04.02 00:19 B D:\xampp\htdocs\projects\dubairealestatepropertiesblog\admin_blog\plugins\jquery-ui-timepicker-addon\i18n\jquery-ui-timepicker-vi.js --> dubairealestateproperties.com /admin_blog/plugins/jquery-ui-timepicker-addon/i18n jquery-ui-timepicker-vi.js
2015.04.02 00:19 B D:\xampp\htdocs\projects\dubairealestatepropertiesblog\admin_blog\plugins\jquery-ui-timepicker-addon\i18n\jquery-ui-timepicker-zh-CN.js --> dubairealestateproperties.com /admin_blog/plugins/jquery-ui-timepicker-addon/i18n jquery-ui-timepicker-zh-CN.js
2015.04.02 00:19 B D:\xampp\htdocs\projects\dubairealestatepropertiesblog\admin_blog\plugins\jquery-ui-timepicker-addon\i18n\jquery-ui-timepicker-zh-TW.js --> dubairealestateproperties.com /admin_blog/plugins/jquery-ui-timepicker-addon/i18n jquery-ui-timepicker-zh-TW.js
