2015.04.02 11:20 B D:\xampp\htdocs\projects\dubairealestatepropertiesblog\admin_blog\ajax\ui_progressbars.html --> dubairealestateproperties.com /admin_blog/ajax ui_progressbars.html
2015.04.02 11:20 B D:\xampp\htdocs\projects\dubairealestatepropertiesblog\admin_blog\ajax\ui_jquery-ui.html --> dubairealestateproperties.com /admin_blog/ajax ui_jquery-ui.html
2015.04.02 11:20 B D:\xampp\htdocs\projects\dubairealestatepropertiesblog\admin_blog\ajax\ui_icons.html --> dubairealestateproperties.com /admin_blog/ajax ui_icons.html
2015.04.02 11:20 B D:\xampp\htdocs\projects\dubairealestatepropertiesblog\admin_blog\ajax\ui_grid.html --> dubairealestateproperties.com /admin_blog/ajax ui_grid.html
2015.04.02 11:20 B D:\xampp\htdocs\projects\dubairealestatepropertiesblog\admin_blog\ajax\ui_buttons.html --> dubairealestateproperties.com /admin_blog/ajax ui_buttons.html
2015.04.02 11:20 B D:\xampp\htdocs\projects\dubairealestatepropertiesblog\admin_blog\ajax\typography.html --> dubairealestateproperties.com /admin_blog/ajax typography.html
2015.04.02 11:20 B D:\xampp\htdocs\projects\dubairealestatepropertiesblog\admin_blog\ajax\tables_simple.html --> dubairealestateproperties.com /admin_blog/ajax tables_simple.html
2015.04.02 11:20 B D:\xampp\htdocs\projects\dubairealestatepropertiesblog\admin_blog\ajax\tables_datatables.html --> dubairealestateproperties.com /admin_blog/ajax tables_datatables.html
2015.04.02 11:20 B D:\xampp\htdocs\projects\dubairealestatepropertiesblog\admin_blog\ajax\tables_beauty.html --> dubairealestateproperties.com /admin_blog/ajax tables_beauty.html
2015.04.02 11:20 B D:\xampp\htdocs\projects\dubairealestatepropertiesblog\admin_blog\ajax\page_search.html --> dubairealestateproperties.com /admin_blog/ajax page_search.html
2015.04.02 11:20 B D:\xampp\htdocs\projects\dubairealestatepropertiesblog\admin_blog\ajax\page_register_v1.html --> dubairealestateproperties.com /admin_blog/ajax page_register_v1.html
2015.04.02 11:20 B D:\xampp\htdocs\projects\dubairealestatepropertiesblog\admin_blog\ajax\page_register.html --> dubairealestateproperties.com /admin_blog/ajax page_register.html
2015.04.02 11:20 B D:\xampp\htdocs\projects\dubairealestatepropertiesblog\admin_blog\ajax\page_product.html --> dubairealestateproperties.com /admin_blog/ajax page_product.html
2015.04.02 11:20 B D:\xampp\htdocs\projects\dubairealestatepropertiesblog\admin_blog\ajax\page_pricing.html --> dubairealestateproperties.com /admin_blog/ajax page_pricing.html
2015.04.02 11:20 B D:\xampp\htdocs\projects\dubairealestatepropertiesblog\admin_blog\ajax\page_messages.html --> dubairealestateproperties.com /admin_blog/ajax page_messages.html
2015.04.02 11:20 B D:\xampp\htdocs\projects\dubairealestatepropertiesblog\admin_blog\ajax\page_login_v1.html --> dubairealestateproperties.com /admin_blog/ajax page_login_v1.html
2015.04.02 11:21 B D:\xampp\htdocs\projects\dubairealestatepropertiesblog\admin_blog\ajax\page_login.html --> dubairealestateproperties.com /admin_blog/ajax page_login.html
2015.04.02 11:21 B D:\xampp\htdocs\projects\dubairealestatepropertiesblog\admin_blog\ajax\page_invoice.html --> dubairealestateproperties.com /admin_blog/ajax page_invoice.html
2015.04.02 11:21 B D:\xampp\htdocs\projects\dubairealestatepropertiesblog\admin_blog\ajax\page_feed.html --> dubairealestateproperties.com /admin_blog/ajax page_feed.html
2015.04.02 11:21 B D:\xampp\htdocs\projects\dubairealestatepropertiesblog\admin_blog\ajax\page_contacts.html --> dubairealestateproperties.com /admin_blog/ajax page_contacts.html
2015.04.02 11:21 B D:\xampp\htdocs\projects\dubairealestatepropertiesblog\admin_blog\ajax\page_500_v1.html --> dubairealestateproperties.com /admin_blog/ajax page_500_v1.html
2015.04.02 11:21 B D:\xampp\htdocs\projects\dubairealestatepropertiesblog\admin_blog\ajax\page_500.html --> dubairealestateproperties.com /admin_blog/ajax page_500.html
2015.04.02 11:21 B D:\xampp\htdocs\projects\dubairealestatepropertiesblog\admin_blog\ajax\page_404.html --> dubairealestateproperties.com /admin_blog/ajax page_404.html
2015.04.02 11:21 B D:\xampp\htdocs\projects\dubairealestatepropertiesblog\admin_blog\ajax\maps.html --> dubairealestateproperties.com /admin_blog/ajax maps.html
2015.04.02 11:21 B D:\xampp\htdocs\projects\dubairealestatepropertiesblog\admin_blog\ajax\map_leaflet.html --> dubairealestateproperties.com /admin_blog/ajax map_leaflet.html
2015.04.02 11:21 B D:\xampp\htdocs\projects\dubairealestatepropertiesblog\admin_blog\ajax\map_fullscreen.html --> dubairealestateproperties.com /admin_blog/ajax map_fullscreen.html
2015.04.02 11:21 B D:\xampp\htdocs\projects\dubairealestatepropertiesblog\admin_blog\ajax\gallery_simple.html --> dubairealestateproperties.com /admin_blog/ajax gallery_simple.html
2015.04.02 11:21 B D:\xampp\htdocs\projects\dubairealestatepropertiesblog\admin_blog\ajax\gallery_flickr.html --> dubairealestateproperties.com /admin_blog/ajax gallery_flickr.html
2015.04.02 11:21 B D:\xampp\htdocs\projects\dubairealestatepropertiesblog\admin_blog\ajax\forms_layouts.html --> dubairealestateproperties.com /admin_blog/ajax forms_layouts.html
2015.04.02 11:21 B D:\xampp\htdocs\projects\dubairealestatepropertiesblog\admin_blog\ajax\forms_file_uploader.html --> dubairealestateproperties.com /admin_blog/ajax forms_file_uploader.html
2015.04.02 11:21 B D:\xampp\htdocs\projects\dubairealestatepropertiesblog\admin_blog\ajax\forms_elements.html --> dubairealestateproperties.com /admin_blog/ajax forms_elements.html
2015.04.02 11:21 B D:\xampp\htdocs\projects\dubairealestatepropertiesblog\admin_blog\ajax\dashboard.html --> dubairealestateproperties.com /admin_blog/ajax dashboard.html
2015.04.02 11:21 B D:\xampp\htdocs\projects\dubairealestatepropertiesblog\admin_blog\ajax\charts_xcharts.html --> dubairealestateproperties.com /admin_blog/ajax charts_xcharts.html
2015.04.02 11:21 B D:\xampp\htdocs\projects\dubairealestatepropertiesblog\admin_blog\ajax\charts_morris.html --> dubairealestateproperties.com /admin_blog/ajax charts_morris.html
2015.04.02 11:21 B D:\xampp\htdocs\projects\dubairealestatepropertiesblog\admin_blog\ajax\charts_google.html --> dubairealestateproperties.com /admin_blog/ajax charts_google.html
2015.04.02 11:21 B D:\xampp\htdocs\projects\dubairealestatepropertiesblog\admin_blog\ajax\charts_flot.html --> dubairealestateproperties.com /admin_blog/ajax charts_flot.html
2015.04.02 11:21 B D:\xampp\htdocs\projects\dubairealestatepropertiesblog\admin_blog\ajax\charts_coindesk.html --> dubairealestateproperties.com /admin_blog/ajax charts_coindesk.html
2015.04.02 11:21 B D:\xampp\htdocs\projects\dubairealestatepropertiesblog\admin_blog\ajax\charts_chartist.html --> dubairealestateproperties.com /admin_blog/ajax charts_chartist.html
2015.04.02 11:21 B D:\xampp\htdocs\projects\dubairealestatepropertiesblog\admin_blog\ajax\charts_amcharts.html --> dubairealestateproperties.com /admin_blog/ajax charts_amcharts.html
2015.04.02 11:21 B D:\xampp\htdocs\projects\dubairealestatepropertiesblog\admin_blog\ajax\calendar.html --> dubairealestateproperties.com /admin_blog/ajax calendar.html
2015.04.11 11:45 B D:\xampp\htdocs\projects\minagarage\html\admin\ajax\calendar.html --> connectivelinkstechnology.com /public_html/demo/minagarage/html/admin/ajax calendar.html
2015.04.11 11:45 B D:\xampp\htdocs\projects\minagarage\html\admin\ajax\charts_amcharts.html --> connectivelinkstechnology.com /public_html/demo/minagarage/html/admin/ajax charts_amcharts.html
2015.04.11 11:45 B D:\xampp\htdocs\projects\minagarage\html\admin\ajax\charts_chartist.html --> connectivelinkstechnology.com /public_html/demo/minagarage/html/admin/ajax charts_chartist.html
2015.04.11 11:45 B D:\xampp\htdocs\projects\minagarage\html\admin\ajax\charts_coindesk.html --> connectivelinkstechnology.com /public_html/demo/minagarage/html/admin/ajax charts_coindesk.html
2015.04.11 11:45 B D:\xampp\htdocs\projects\minagarage\html\admin\ajax\charts_flot.html --> connectivelinkstechnology.com /public_html/demo/minagarage/html/admin/ajax charts_flot.html
2015.04.11 11:45 B D:\xampp\htdocs\projects\minagarage\html\admin\ajax\charts_google.html --> connectivelinkstechnology.com /public_html/demo/minagarage/html/admin/ajax charts_google.html
2015.04.11 11:45 B D:\xampp\htdocs\projects\minagarage\html\admin\ajax\charts_morris.html --> connectivelinkstechnology.com /public_html/demo/minagarage/html/admin/ajax charts_morris.html
2015.04.11 11:45 B D:\xampp\htdocs\projects\minagarage\html\admin\ajax\charts_xcharts.html --> connectivelinkstechnology.com /public_html/demo/minagarage/html/admin/ajax charts_xcharts.html
2015.04.11 11:46 B D:\xampp\htdocs\projects\minagarage\html\admin\ajax\dashboard.html --> connectivelinkstechnology.com /public_html/demo/minagarage/html/admin/ajax dashboard.html
2015.04.11 11:46 B D:\xampp\htdocs\projects\minagarage\html\admin\ajax\forms_elements.html --> connectivelinkstechnology.com /public_html/demo/minagarage/html/admin/ajax forms_elements.html
2015.04.11 11:46 B D:\xampp\htdocs\projects\minagarage\html\admin\ajax\forms_file_uploader.html --> connectivelinkstechnology.com /public_html/demo/minagarage/html/admin/ajax forms_file_uploader.html
2015.04.11 11:46 B D:\xampp\htdocs\projects\minagarage\html\admin\ajax\forms_layouts.html --> connectivelinkstechnology.com /public_html/demo/minagarage/html/admin/ajax forms_layouts.html
2015.04.11 11:46 B D:\xampp\htdocs\projects\minagarage\html\admin\ajax\gallery_flickr.html --> connectivelinkstechnology.com /public_html/demo/minagarage/html/admin/ajax gallery_flickr.html
2015.04.11 11:46 B D:\xampp\htdocs\projects\minagarage\html\admin\ajax\gallery_simple.html --> connectivelinkstechnology.com /public_html/demo/minagarage/html/admin/ajax gallery_simple.html
2015.04.11 11:46 B D:\xampp\htdocs\projects\minagarage\html\admin\ajax\map_fullscreen.html --> connectivelinkstechnology.com /public_html/demo/minagarage/html/admin/ajax map_fullscreen.html
2015.04.11 11:46 B D:\xampp\htdocs\projects\minagarage\html\admin\ajax\map_leaflet.html --> connectivelinkstechnology.com /public_html/demo/minagarage/html/admin/ajax map_leaflet.html
2015.04.11 11:46 B D:\xampp\htdocs\projects\minagarage\html\admin\ajax\maps.html --> connectivelinkstechnology.com /public_html/demo/minagarage/html/admin/ajax maps.html
2015.04.11 11:46 B D:\xampp\htdocs\projects\minagarage\html\admin\ajax\page_404.html --> connectivelinkstechnology.com /public_html/demo/minagarage/html/admin/ajax page_404.html
2015.04.11 11:46 B D:\xampp\htdocs\projects\minagarage\html\admin\ajax\page_500.html --> connectivelinkstechnology.com /public_html/demo/minagarage/html/admin/ajax page_500.html
2015.04.11 11:46 B D:\xampp\htdocs\projects\minagarage\html\admin\ajax\page_500_v1.html --> connectivelinkstechnology.com /public_html/demo/minagarage/html/admin/ajax page_500_v1.html
2015.04.11 11:46 B D:\xampp\htdocs\projects\minagarage\html\admin\ajax\page_contacts.html --> connectivelinkstechnology.com /public_html/demo/minagarage/html/admin/ajax page_contacts.html
2015.04.11 11:46 B D:\xampp\htdocs\projects\minagarage\html\admin\ajax\page_feed.html --> connectivelinkstechnology.com /public_html/demo/minagarage/html/admin/ajax page_feed.html
2015.04.11 11:46 B D:\xampp\htdocs\projects\minagarage\html\admin\ajax\page_invoice.html --> connectivelinkstechnology.com /public_html/demo/minagarage/html/admin/ajax page_invoice.html
2015.04.11 11:46 B D:\xampp\htdocs\projects\minagarage\html\admin\ajax\page_login.html --> connectivelinkstechnology.com /public_html/demo/minagarage/html/admin/ajax page_login.html
2015.04.11 11:46 B D:\xampp\htdocs\projects\minagarage\html\admin\ajax\page_login_v1.html --> connectivelinkstechnology.com /public_html/demo/minagarage/html/admin/ajax page_login_v1.html
2015.04.11 11:46 B D:\xampp\htdocs\projects\minagarage\html\admin\ajax\page_messages.html --> connectivelinkstechnology.com /public_html/demo/minagarage/html/admin/ajax page_messages.html
2015.04.11 11:46 B D:\xampp\htdocs\projects\minagarage\html\admin\ajax\page_pricing.html --> connectivelinkstechnology.com /public_html/demo/minagarage/html/admin/ajax page_pricing.html
2015.04.11 11:46 B D:\xampp\htdocs\projects\minagarage\html\admin\ajax\page_product.html --> connectivelinkstechnology.com /public_html/demo/minagarage/html/admin/ajax page_product.html
2015.04.11 11:46 B D:\xampp\htdocs\projects\minagarage\html\admin\ajax\page_register.html --> connectivelinkstechnology.com /public_html/demo/minagarage/html/admin/ajax page_register.html
2015.04.11 11:46 B D:\xampp\htdocs\projects\minagarage\html\admin\ajax\page_register_v1.html --> connectivelinkstechnology.com /public_html/demo/minagarage/html/admin/ajax page_register_v1.html
2015.04.11 11:46 B D:\xampp\htdocs\projects\minagarage\html\admin\ajax\page_search.html --> connectivelinkstechnology.com /public_html/demo/minagarage/html/admin/ajax page_search.html
2015.04.11 11:46 B D:\xampp\htdocs\projects\minagarage\html\admin\ajax\tables_beauty.html --> connectivelinkstechnology.com /public_html/demo/minagarage/html/admin/ajax tables_beauty.html
2015.04.11 11:46 B D:\xampp\htdocs\projects\minagarage\html\admin\ajax\tables_datatables.html --> connectivelinkstechnology.com /public_html/demo/minagarage/html/admin/ajax tables_datatables.html
2015.04.11 11:46 B D:\xampp\htdocs\projects\minagarage\html\admin\ajax\tables_simple.html --> connectivelinkstechnology.com /public_html/demo/minagarage/html/admin/ajax tables_simple.html
2015.04.11 11:46 B D:\xampp\htdocs\projects\minagarage\html\admin\ajax\typography.html --> connectivelinkstechnology.com /public_html/demo/minagarage/html/admin/ajax typography.html
2015.04.11 11:46 B D:\xampp\htdocs\projects\minagarage\html\admin\ajax\ui_buttons.html --> connectivelinkstechnology.com /public_html/demo/minagarage/html/admin/ajax ui_buttons.html
2015.04.11 11:46 B D:\xampp\htdocs\projects\minagarage\html\admin\ajax\ui_grid.html --> connectivelinkstechnology.com /public_html/demo/minagarage/html/admin/ajax ui_grid.html
2015.04.11 11:46 B D:\xampp\htdocs\projects\minagarage\html\admin\ajax\ui_icons.html --> connectivelinkstechnology.com /public_html/demo/minagarage/html/admin/ajax ui_icons.html
2015.04.11 11:46 B D:\xampp\htdocs\projects\minagarage\html\admin\ajax\ui_jquery-ui.html --> connectivelinkstechnology.com /public_html/demo/minagarage/html/admin/ajax ui_jquery-ui.html
2015.04.11 11:46 B D:\xampp\htdocs\projects\minagarage\html\admin\ajax\ui_progressbars.html --> connectivelinkstechnology.com /public_html/demo/minagarage/html/admin/ajax ui_progressbars.html
2015.04.11 11:47 B D:\xampp\htdocs\projects\minagarage\html\admin\ajax\WS_FTP.LOG --> connectivelinkstechnology.com /public_html/demo/minagarage/html/admin/ajax WS_FTP.LOG
