2015.08.21 14:42 B D:\xampp\htdocs\projects\global\html\lib\PHPMailer-master\VERSION --> global-uae.com /public_html/lib/PHPMailer-master VERSION
2015.08.21 14:42 B D:\xampp\htdocs\projects\global\html\lib\PHPMailer-master\travis.phpunit.xml.dist --> global-uae.com /public_html/lib/PHPMailer-master travis.phpunit.xml.dist
2015.08.21 14:42 B D:\xampp\htdocs\projects\global\html\lib\PHPMailer-master\README.md --> global-uae.com /public_html/lib/PHPMailer-master README.md
2015.08.21 14:42 B D:\xampp\htdocs\projects\global\html\lib\PHPMailer-master\PHPMailerAutoload.php --> global-uae.com /public_html/lib/PHPMailer-master PHPMailerAutoload.php
2015.08.21 14:42 B D:\xampp\htdocs\projects\global\html\lib\PHPMailer-master\LICENSE --> global-uae.com /public_html/lib/PHPMailer-master LICENSE
2015.08.21 14:42 B D:\xampp\htdocs\projects\global\html\lib\PHPMailer-master\composer.json --> global-uae.com /public_html/lib/PHPMailer-master composer.json
2015.08.21 14:42 B D:\xampp\htdocs\projects\global\html\lib\PHPMailer-master\class.smtp.php --> global-uae.com /public_html/lib/PHPMailer-master class.smtp.php
2015.08.21 14:42 B D:\xampp\htdocs\projects\global\html\lib\PHPMailer-master\class.pop3.php --> global-uae.com /public_html/lib/PHPMailer-master class.pop3.php
2015.08.21 14:42 B D:\xampp\htdocs\projects\global\html\lib\PHPMailer-master\class.phpmailer.php --> global-uae.com /public_html/lib/PHPMailer-master class.phpmailer.php
2015.08.21 14:42 B D:\xampp\htdocs\projects\global\html\lib\PHPMailer-master\changelog.md --> global-uae.com /public_html/lib/PHPMailer-master changelog.md
2015.08.21 14:42 B D:\xampp\htdocs\projects\global\html\lib\PHPMailer-master\.travis.yml --> global-uae.com /public_html/lib/PHPMailer-master .travis.yml
2015.08.21 14:42 B D:\xampp\htdocs\projects\global\html\lib\PHPMailer-master\.scrutinizer.yml --> global-uae.com /public_html/lib/PHPMailer-master .scrutinizer.yml
2015.08.21 14:42 B D:\xampp\htdocs\projects\global\html\lib\PHPMailer-master\.gitignore --> global-uae.com /public_html/lib/PHPMailer-master .gitignore
2015.12.16 18:36 B D:\xampp\htdocs\projects\bilva\lib\PHPMailer-master\.gitignore --> ftp.bisedu.ae /lib/PHPMailer-master .gitignore
2015.12.16 18:36 B D:\xampp\htdocs\projects\bilva\lib\PHPMailer-master\.scrutinizer.yml --> ftp.bisedu.ae /lib/PHPMailer-master .scrutinizer.yml
2015.12.16 18:36 B D:\xampp\htdocs\projects\bilva\lib\PHPMailer-master\.travis.yml --> ftp.bisedu.ae /lib/PHPMailer-master .travis.yml
2015.12.16 18:53 B D:\xampp\htdocs\projects\bilva\lib\PHPMailer-master\VERSION --> ftp.bisedu.ae /lib/PHPMailer-master VERSION
2015.12.16 18:53 B D:\xampp\htdocs\projects\bilva\lib\PHPMailer-master\travis.phpunit.xml.dist --> ftp.bisedu.ae /lib/PHPMailer-master travis.phpunit.xml.dist
2015.12.16 18:53 B D:\xampp\htdocs\projects\bilva\lib\PHPMailer-master\README.md --> ftp.bisedu.ae /lib/PHPMailer-master README.md
2015.12.16 18:54 B D:\xampp\htdocs\projects\bilva\lib\PHPMailer-master\PHPMailerAutoload.php --> ftp.bisedu.ae /lib/PHPMailer-master PHPMailerAutoload.php
2015.12.16 18:56 B D:\xampp\htdocs\projects\bilva\lib\PHPMailer-master\changelog.md --> ftp.bisedu.ae /lib/PHPMailer-master changelog.md
2015.12.16 18:57 B D:\xampp\htdocs\projects\bilva\lib\PHPMailer-master\class.phpmailer.php --> ftp.bisedu.ae /lib/PHPMailer-master class.phpmailer.php
2015.12.16 18:57 B D:\xampp\htdocs\projects\bilva\lib\PHPMailer-master\class.pop3.php --> ftp.bisedu.ae /lib/PHPMailer-master class.pop3.php
2015.12.16 18:57 B D:\xampp\htdocs\projects\bilva\lib\PHPMailer-master\class.smtp.php --> ftp.bisedu.ae /lib/PHPMailer-master class.smtp.php
2015.12.16 18:57 B D:\xampp\htdocs\projects\bilva\lib\PHPMailer-master\composer.json --> ftp.bisedu.ae /lib/PHPMailer-master composer.json
2015.12.16 18:57 B D:\xampp\htdocs\projects\bilva\lib\PHPMailer-master\LICENSE --> ftp.bisedu.ae /lib/PHPMailer-master LICENSE
