2015.08.21 14:41 B D:\xampp\htdocs\projects\global\html\lib\PHPMailer-master\examples\ssl_options.phps --> global-uae.com /public_html/lib/PHPMailer-master/examples ssl_options.phps
2015.08.21 14:41 B D:\xampp\htdocs\projects\global\html\lib\PHPMailer-master\examples\smtp_no_auth.phps --> global-uae.com /public_html/lib/PHPMailer-master/examples smtp_no_auth.phps
2015.08.21 14:41 B D:\xampp\htdocs\projects\global\html\lib\PHPMailer-master\examples\smtp_check.phps --> global-uae.com /public_html/lib/PHPMailer-master/examples smtp_check.phps
2015.08.21 14:41 B D:\xampp\htdocs\projects\global\html\lib\PHPMailer-master\examples\smtp.phps --> global-uae.com /public_html/lib/PHPMailer-master/examples smtp.phps
2015.08.21 14:41 B D:\xampp\htdocs\projects\global\html\lib\PHPMailer-master\examples\sendmail.phps --> global-uae.com /public_html/lib/PHPMailer-master/examples sendmail.phps
2015.08.21 14:41 B D:\xampp\htdocs\projects\global\html\lib\PHPMailer-master\examples\send_file_upload.phps --> global-uae.com /public_html/lib/PHPMailer-master/examples send_file_upload.phps
2015.08.21 14:41 B D:\xampp\htdocs\projects\global\html\lib\PHPMailer-master\examples\pop_before_smtp.phps --> global-uae.com /public_html/lib/PHPMailer-master/examples pop_before_smtp.phps
2015.08.21 14:41 B D:\xampp\htdocs\projects\global\html\lib\PHPMailer-master\examples\mailing_list.phps --> global-uae.com /public_html/lib/PHPMailer-master/examples mailing_list.phps
2015.08.21 14:41 B D:\xampp\htdocs\projects\global\html\lib\PHPMailer-master\examples\mail.phps --> global-uae.com /public_html/lib/PHPMailer-master/examples mail.phps
2015.08.21 14:41 B D:\xampp\htdocs\projects\global\html\lib\PHPMailer-master\examples\index.html --> global-uae.com /public_html/lib/PHPMailer-master/examples index.html
2015.08.21 14:41 B D:\xampp\htdocs\projects\global\html\lib\PHPMailer-master\examples\gmail.phps --> global-uae.com /public_html/lib/PHPMailer-master/examples gmail.phps
2015.08.21 14:41 B D:\xampp\htdocs\projects\global\html\lib\PHPMailer-master\examples\exceptions.phps --> global-uae.com /public_html/lib/PHPMailer-master/examples exceptions.phps
2015.08.21 14:41 B D:\xampp\htdocs\projects\global\html\lib\PHPMailer-master\examples\contentsutf8.html --> global-uae.com /public_html/lib/PHPMailer-master/examples contentsutf8.html
2015.08.21 14:41 B D:\xampp\htdocs\projects\global\html\lib\PHPMailer-master\examples\contents.html --> global-uae.com /public_html/lib/PHPMailer-master/examples contents.html
2015.08.21 14:41 B D:\xampp\htdocs\projects\global\html\lib\PHPMailer-master\examples\code_generator.phps --> global-uae.com /public_html/lib/PHPMailer-master/examples code_generator.phps
2015.12.16 18:34 B D:\xampp\htdocs\projects\bilva\lib\PHPMailer-master\examples\code_generator.phps --> ftp.bisedu.ae /lib/PHPMailer-master/examples code_generator.phps
2015.12.16 18:34 B D:\xampp\htdocs\projects\bilva\lib\PHPMailer-master\examples\contents.html --> ftp.bisedu.ae /lib/PHPMailer-master/examples contents.html
2015.12.16 18:34 B D:\xampp\htdocs\projects\bilva\lib\PHPMailer-master\examples\contentsutf8.html --> ftp.bisedu.ae /lib/PHPMailer-master/examples contentsutf8.html
2015.12.16 18:34 B D:\xampp\htdocs\projects\bilva\lib\PHPMailer-master\examples\exceptions.phps --> ftp.bisedu.ae /lib/PHPMailer-master/examples exceptions.phps
2015.12.16 18:34 B D:\xampp\htdocs\projects\bilva\lib\PHPMailer-master\examples\gmail.phps --> ftp.bisedu.ae /lib/PHPMailer-master/examples gmail.phps
2015.12.16 18:34 B D:\xampp\htdocs\projects\bilva\lib\PHPMailer-master\examples\index.html --> ftp.bisedu.ae /lib/PHPMailer-master/examples index.html
2015.12.16 18:34 B D:\xampp\htdocs\projects\bilva\lib\PHPMailer-master\examples\mail.phps --> ftp.bisedu.ae /lib/PHPMailer-master/examples mail.phps
2015.12.16 18:34 B D:\xampp\htdocs\projects\bilva\lib\PHPMailer-master\examples\mailing_list.phps --> ftp.bisedu.ae /lib/PHPMailer-master/examples mailing_list.phps
2015.12.16 18:34 B D:\xampp\htdocs\projects\bilva\lib\PHPMailer-master\examples\pop_before_smtp.phps --> ftp.bisedu.ae /lib/PHPMailer-master/examples pop_before_smtp.phps
2015.12.16 18:34 B D:\xampp\htdocs\projects\bilva\lib\PHPMailer-master\examples\send_file_upload.phps --> ftp.bisedu.ae /lib/PHPMailer-master/examples send_file_upload.phps
2015.12.16 18:34 B D:\xampp\htdocs\projects\bilva\lib\PHPMailer-master\examples\sendmail.phps --> ftp.bisedu.ae /lib/PHPMailer-master/examples sendmail.phps
2015.12.16 18:34 B D:\xampp\htdocs\projects\bilva\lib\PHPMailer-master\examples\smtp.phps --> ftp.bisedu.ae /lib/PHPMailer-master/examples smtp.phps
2015.12.16 18:34 B D:\xampp\htdocs\projects\bilva\lib\PHPMailer-master\examples\smtp_check.phps --> ftp.bisedu.ae /lib/PHPMailer-master/examples smtp_check.phps
2015.12.16 18:34 B D:\xampp\htdocs\projects\bilva\lib\PHPMailer-master\examples\smtp_no_auth.phps --> ftp.bisedu.ae /lib/PHPMailer-master/examples smtp_no_auth.phps
2015.12.16 18:34 B D:\xampp\htdocs\projects\bilva\lib\PHPMailer-master\examples\ssl_options.phps --> ftp.bisedu.ae /lib/PHPMailer-master/examples ssl_options.phps
2015.12.16 18:34 B D:\xampp\htdocs\projects\bilva\lib\PHPMailer-master\examples\WS_FTP.LOG --> ftp.bisedu.ae /lib/PHPMailer-master/examples WS_FTP.LOG
