2015.04.01 23:35 B D:\xampp\htdocs\projects\dubairealestatepropertiesblog\admin_blog\plugins\amcharts\images\0.gif --> dubairealestateproperties.com /admin_blog/plugins/amcharts/images 0.gif
2015.04.01 23:35 B D:\xampp\htdocs\projects\dubairealestatepropertiesblog\admin_blog\plugins\amcharts\images\1.gif --> dubairealestateproperties.com /admin_blog/plugins/amcharts/images 1.gif
2015.04.01 23:35 B D:\xampp\htdocs\projects\dubairealestatepropertiesblog\admin_blog\plugins\amcharts\images\2.gif --> dubairealestateproperties.com /admin_blog/plugins/amcharts/images 2.gif
2015.04.01 23:35 B D:\xampp\htdocs\projects\dubairealestatepropertiesblog\admin_blog\plugins\amcharts\images\3.gif --> dubairealestateproperties.com /admin_blog/plugins/amcharts/images 3.gif
2015.04.01 23:35 B D:\xampp\htdocs\projects\dubairealestatepropertiesblog\admin_blog\plugins\amcharts\images\bg.jpg --> dubairealestateproperties.com /admin_blog/plugins/amcharts/images bg.jpg
2015.04.01 23:35 B D:\xampp\htdocs\projects\dubairealestatepropertiesblog\admin_blog\plugins\amcharts\images\bgSky.jpg --> dubairealestateproperties.com /admin_blog/plugins/amcharts/images bgSky.jpg
2015.04.01 23:35 B D:\xampp\htdocs\projects\dubairealestatepropertiesblog\admin_blog\plugins\amcharts\images\bicycle.png --> dubairealestateproperties.com /admin_blog/plugins/amcharts/images bicycle.png
2015.04.01 23:35 B D:\xampp\htdocs\projects\dubairealestatepropertiesblog\admin_blog\plugins\amcharts\images\board.jpg --> dubairealestateproperties.com /admin_blog/plugins/amcharts/images board.jpg
2015.04.01 23:35 B D:\xampp\htdocs\projects\dubairealestatepropertiesblog\admin_blog\plugins\amcharts\images\car.png --> dubairealestateproperties.com /admin_blog/plugins/amcharts/images car.png
2015.04.01 23:35 B D:\xampp\htdocs\projects\dubairealestatepropertiesblog\admin_blog\plugins\amcharts\images\dragIcon.gif --> dubairealestateproperties.com /admin_blog/plugins/amcharts/images dragIcon.gif
2015.04.01 23:35 B D:\xampp\htdocs\projects\dubairealestatepropertiesblog\admin_blog\plugins\amcharts\images\dragIconBlack.gif --> dubairealestateproperties.com /admin_blog/plugins/amcharts/images dragIconBlack.gif
2015.04.01 23:35 B D:\xampp\htdocs\projects\dubairealestatepropertiesblog\admin_blog\plugins\amcharts\images\dragIconH.gif --> dubairealestateproperties.com /admin_blog/plugins/amcharts/images dragIconH.gif
2015.04.01 23:35 B D:\xampp\htdocs\projects\dubairealestatepropertiesblog\admin_blog\plugins\amcharts\images\dragIconHBlack.gif --> dubairealestateproperties.com /admin_blog/plugins/amcharts/images dragIconHBlack.gif
2015.04.01 23:35 B D:\xampp\htdocs\projects\dubairealestatepropertiesblog\admin_blog\plugins\amcharts\images\export.png --> dubairealestateproperties.com /admin_blog/plugins/amcharts/images export.png
2015.04.01 23:35 B D:\xampp\htdocs\projects\dubairealestatepropertiesblog\admin_blog\plugins\amcharts\images\exportWhite.png --> dubairealestateproperties.com /admin_blog/plugins/amcharts/images exportWhite.png
2015.04.01 23:35 B D:\xampp\htdocs\projects\dubairealestatepropertiesblog\admin_blog\plugins\amcharts\images\lens.png --> dubairealestateproperties.com /admin_blog/plugins/amcharts/images lens.png
2015.04.01 23:35 B D:\xampp\htdocs\projects\dubairealestatepropertiesblog\admin_blog\plugins\amcharts\images\lensWhite.png --> dubairealestateproperties.com /admin_blog/plugins/amcharts/images lensWhite.png
2015.04.01 23:35 B D:\xampp\htdocs\projects\dubairealestatepropertiesblog\admin_blog\plugins\amcharts\images\logo.png --> dubairealestateproperties.com /admin_blog/plugins/amcharts/images logo.png
2015.04.01 23:35 B D:\xampp\htdocs\projects\dubairealestatepropertiesblog\admin_blog\plugins\amcharts\images\motorcycle.png --> dubairealestateproperties.com /admin_blog/plugins/amcharts/images motorcycle.png
2015.04.01 23:35 B D:\xampp\htdocs\projects\dubairealestatepropertiesblog\admin_blog\plugins\amcharts\images\redstar.png --> dubairealestateproperties.com /admin_blog/plugins/amcharts/images redstar.png
2015.04.01 23:35 B D:\xampp\htdocs\projects\dubairealestatepropertiesblog\admin_blog\plugins\amcharts\images\star.png --> dubairealestateproperties.com /admin_blog/plugins/amcharts/images star.png
2015.04.11 11:49 B D:\xampp\htdocs\projects\minagarage\html\admin\plugins\amcharts\images\0.gif --> connectivelinkstechnology.com /public_html/demo/minagarage/html/admin/plugins/amcharts/images 0.gif
2015.04.11 11:49 B D:\xampp\htdocs\projects\minagarage\html\admin\plugins\amcharts\images\1.gif --> connectivelinkstechnology.com /public_html/demo/minagarage/html/admin/plugins/amcharts/images 1.gif
2015.04.11 11:49 B D:\xampp\htdocs\projects\minagarage\html\admin\plugins\amcharts\images\2.gif --> connectivelinkstechnology.com /public_html/demo/minagarage/html/admin/plugins/amcharts/images 2.gif
2015.04.11 11:49 B D:\xampp\htdocs\projects\minagarage\html\admin\plugins\amcharts\images\3.gif --> connectivelinkstechnology.com /public_html/demo/minagarage/html/admin/plugins/amcharts/images 3.gif
2015.04.11 11:49 B D:\xampp\htdocs\projects\minagarage\html\admin\plugins\amcharts\images\bg.jpg --> connectivelinkstechnology.com /public_html/demo/minagarage/html/admin/plugins/amcharts/images bg.jpg
2015.04.11 11:49 B D:\xampp\htdocs\projects\minagarage\html\admin\plugins\amcharts\images\bgSky.jpg --> connectivelinkstechnology.com /public_html/demo/minagarage/html/admin/plugins/amcharts/images bgSky.jpg
2015.04.11 11:49 B D:\xampp\htdocs\projects\minagarage\html\admin\plugins\amcharts\images\bicycle.png --> connectivelinkstechnology.com /public_html/demo/minagarage/html/admin/plugins/amcharts/images bicycle.png
2015.04.11 11:49 B D:\xampp\htdocs\projects\minagarage\html\admin\plugins\amcharts\images\board.jpg --> connectivelinkstechnology.com /public_html/demo/minagarage/html/admin/plugins/amcharts/images board.jpg
2015.04.11 11:49 B D:\xampp\htdocs\projects\minagarage\html\admin\plugins\amcharts\images\car.png --> connectivelinkstechnology.com /public_html/demo/minagarage/html/admin/plugins/amcharts/images car.png
2015.04.11 11:49 B D:\xampp\htdocs\projects\minagarage\html\admin\plugins\amcharts\images\dragIcon.gif --> connectivelinkstechnology.com /public_html/demo/minagarage/html/admin/plugins/amcharts/images dragIcon.gif
2015.04.11 11:49 B D:\xampp\htdocs\projects\minagarage\html\admin\plugins\amcharts\images\dragIconBlack.gif --> connectivelinkstechnology.com /public_html/demo/minagarage/html/admin/plugins/amcharts/images dragIconBlack.gif
2015.04.11 11:49 B D:\xampp\htdocs\projects\minagarage\html\admin\plugins\amcharts\images\dragIconH.gif --> connectivelinkstechnology.com /public_html/demo/minagarage/html/admin/plugins/amcharts/images dragIconH.gif
2015.04.11 11:49 B D:\xampp\htdocs\projects\minagarage\html\admin\plugins\amcharts\images\dragIconHBlack.gif --> connectivelinkstechnology.com /public_html/demo/minagarage/html/admin/plugins/amcharts/images dragIconHBlack.gif
2015.04.11 11:49 B D:\xampp\htdocs\projects\minagarage\html\admin\plugins\amcharts\images\export.png --> connectivelinkstechnology.com /public_html/demo/minagarage/html/admin/plugins/amcharts/images export.png
2015.04.11 11:49 B D:\xampp\htdocs\projects\minagarage\html\admin\plugins\amcharts\images\exportWhite.png --> connectivelinkstechnology.com /public_html/demo/minagarage/html/admin/plugins/amcharts/images exportWhite.png
2015.04.11 11:49 B D:\xampp\htdocs\projects\minagarage\html\admin\plugins\amcharts\images\lens.png --> connectivelinkstechnology.com /public_html/demo/minagarage/html/admin/plugins/amcharts/images lens.png
2015.04.11 11:49 B D:\xampp\htdocs\projects\minagarage\html\admin\plugins\amcharts\images\lensWhite.png --> connectivelinkstechnology.com /public_html/demo/minagarage/html/admin/plugins/amcharts/images lensWhite.png
2015.04.11 11:49 B D:\xampp\htdocs\projects\minagarage\html\admin\plugins\amcharts\images\logo.png --> connectivelinkstechnology.com /public_html/demo/minagarage/html/admin/plugins/amcharts/images logo.png
2015.04.11 11:49 B D:\xampp\htdocs\projects\minagarage\html\admin\plugins\amcharts\images\motorcycle.png --> connectivelinkstechnology.com /public_html/demo/minagarage/html/admin/plugins/amcharts/images motorcycle.png
2015.04.11 11:49 B D:\xampp\htdocs\projects\minagarage\html\admin\plugins\amcharts\images\redstar.png --> connectivelinkstechnology.com /public_html/demo/minagarage/html/admin/plugins/amcharts/images redstar.png
2015.04.11 11:49 B D:\xampp\htdocs\projects\minagarage\html\admin\plugins\amcharts\images\star.png --> connectivelinkstechnology.com /public_html/demo/minagarage/html/admin/plugins/amcharts/images star.png
2015.04.11 11:49 B D:\xampp\htdocs\projects\minagarage\html\admin\plugins\amcharts\images\WS_FTP.LOG --> connectivelinkstechnology.com /public_html/demo/minagarage/html/admin/plugins/amcharts/images WS_FTP.LOG
2015.04.11 11:59 B D:\xampp\htdocs\projects\minagarage\html\admin\plugins\amcharts\images\WS_FTP.LOG --> connectivelinkstechnology.com /public_html/demo/minagarage/html/admin/plugins/amcharts/images WS_FTP.LOG
